{"P:\\github.com\\michaelsanford\\Folio\\frontend\\src\\App.tsx": {"path":"P:\\github.com\\michaelsanford\\Folio\\frontend\\src\\App.tsx","statementMap":{"0":{"start":{"line":17,"column":32},"end":{"line":17,"column":null}},"1":{"start":{"line":18,"column":30},"end":{"line":18,"column":null}},"2":{"start":{"line":19,"column":34},"end":{"line":19,"column":null}},"3":{"start":{"line":20,"column":32},"end":{"line":20,"column":null}},"4":{"start":{"line":21,"column":32},"end":{"line":21,"column":null}},"5":{"start":{"line":24,"column":34},"end":{"line":32,"column":null}},"6":{"start":{"line":34,"column":20},"end":{"line":52,"column":null}},"7":{"start":{"line":35,"column":4},"end":{"line":51,"column":null}},"8":{"start":{"line":36,"column":21},"end":{"line":36,"column":null}},"9":{"start":{"line":37,"column":6},"end":{"line":41,"column":null}},"10":{"start":{"line":42,"column":6},"end":{"line":44,"column":null}},"11":{"start":{"line":43,"column":8},"end":{"line":43,"column":null}},"12":{"start":{"line":46,"column":6},"end":{"line":50,"column":null}},"13":{"start":{"line":54,"column":22},"end":{"line":69,"column":null}},"14":{"start":{"line":55,"column":4},"end":{"line":68,"column":null}},"15":{"start":{"line":56,"column":32},"end":{"line":60,"column":null}},"16":{"start":{"line":61,"column":6},"end":{"line":61,"column":null}},"17":{"start":{"line":62,"column":6},"end":{"line":62,"column":null}},"18":{"start":{"line":63,"column":6},"end":{"line":63,"column":null}},"19":{"start":{"line":65,"column":6},"end":{"line":65,"column":null}},"20":{"start":{"line":67,"column":6},"end":{"line":67,"column":null}},"21":{"start":{"line":71,"column":2},"end":{"line":76,"column":null}},"22":{"start":{"line":72,"column":4},"end":{"line":74,"column":null}},"23":{"start":{"line":73,"column":6},"end":{"line":73,"column":null}},"24":{"start":{"line":73,"column":31},"end":{"line":73,"column":86}},"25":{"start":{"line":75,"column":4},"end":{"line":75,"column":null}},"26":{"start":{"line":79,"column":29},"end":{"line":173,"column":null}},"27":{"start":{"line":80,"column":4},"end":{"line":172,"column":null}},"28":{"start":{"line":82,"column":6},"end":{"line":88,"column":null}},"29":{"start":{"line":91,"column":6},"end":{"line":99,"column":null}},"30":{"start":{"line":102,"column":6},"end":{"line":113,"column":null}},"31":{"start":{"line":116,"column":6},"end":{"line":127,"column":null}},"32":{"start":{"line":130,"column":6},"end":{"line":136,"column":null}},"33":{"start":{"line":131,"column":44},"end":{"line":131,"column":63}},"34":{"start":{"line":138,"column":6},"end":{"line":144,"column":null}},"35":{"start":{"line":139,"column":44},"end":{"line":139,"column":66}},"36":{"start":{"line":146,"column":6},"end":{"line":152,"column":null}},"37":{"start":{"line":147,"column":44},"end":{"line":147,"column":66}},"38":{"start":{"line":154,"column":6},"end":{"line":160,"column":null}},"39":{"start":{"line":155,"column":44},"end":{"line":155,"column":68}},"40":{"start":{"line":162,"column":6},"end":{"line":167,"column":null}},"41":{"start":{"line":163,"column":44},"end":{"line":163,"column":75}},"42":{"start":{"line":169,"column":6},"end":{"line":169,"column":null}},"43":{"start":{"line":171,"column":6},"end":{"line":171,"column":null}},"44":{"start":{"line":176,"column":2},"end":{"line":183,"column":null}},"45":{"start":{"line":177,"column":4},"end":{"line":181,"column":null}},"46":{"start":{"line":186,"column":2},"end":{"line":188,"column":null}},"47":{"start":{"line":187,"column":4},"end":{"line":187,"column":null}},"48":{"start":{"line":190,"column":2},"end":{"line":270,"column":null}},"49":{"start":{"line":193,"column":28},"end":{"line":193,"column":null}},"50":{"start":{"line":212,"column":29},"end":{"line":212,"column":null}},"51":{"start":{"line":232,"column":31},"end":{"line":232,"column":null}}},"fnMap":{"0":{"name":"App","decl":{"start":{"line":16,"column":16},"end":{"line":16,"column":22}},"loc":{"start":{"line":16,"column":22},"end":{"line":272,"column":null}},"line":16},"1":{"name":"(anonymous_1)","decl":{"start":{"line":34,"column":20},"end":{"line":34,"column":32}},"loc":{"start":{"line":34,"column":32},"end":{"line":52,"column":null}},"line":34},"2":{"name":"(anonymous_2)","decl":{"start":{"line":54,"column":22},"end":{"line":54,"column":34}},"loc":{"start":{"line":54,"column":34},"end":{"line":69,"column":null}},"line":54},"3":{"name":"(anonymous_3)","decl":{"start":{"line":71,"column":12},"end":{"line":71,"column":18}},"loc":{"start":{"line":71,"column":18},"end":{"line":76,"column":5}},"line":71},"4":{"name":"(anonymous_4)","decl":{"start":{"line":72,"column":22},"end":{"line":72,"column":28}},"loc":{"start":{"line":72,"column":28},"end":{"line":74,"column":5}},"line":72},"5":{"name":"(anonymous_5)","decl":{"start":{"line":73,"column":20},"end":{"line":73,"column":21}},"loc":{"start":{"line":73,"column":31},"end":{"line":73,"column":86}},"line":73},"6":{"name":"(anonymous_6)","decl":{"start":{"line":79,"column":29},"end":{"line":79,"column":41}},"loc":{"start":{"line":79,"column":41},"end":{"line":173,"column":null}},"line":79},"7":{"name":"(anonymous_7)","decl":{"start":{"line":131,"column":37},"end":{"line":131,"column":38}},"loc":{"start":{"line":131,"column":44},"end":{"line":131,"column":63}},"line":131},"8":{"name":"(anonymous_8)","decl":{"start":{"line":139,"column":37},"end":{"line":139,"column":38}},"loc":{"start":{"line":139,"column":44},"end":{"line":139,"column":66}},"line":139},"9":{"name":"(anonymous_9)","decl":{"start":{"line":147,"column":37},"end":{"line":147,"column":38}},"loc":{"start":{"line":147,"column":44},"end":{"line":147,"column":66}},"line":147},"10":{"name":"(anonymous_10)","decl":{"start":{"line":155,"column":37},"end":{"line":155,"column":38}},"loc":{"start":{"line":155,"column":44},"end":{"line":155,"column":68}},"line":155},"11":{"name":"(anonymous_11)","decl":{"start":{"line":163,"column":37},"end":{"line":163,"column":38}},"loc":{"start":{"line":163,"column":44},"end":{"line":163,"column":75}},"line":163},"12":{"name":"(anonymous_12)","decl":{"start":{"line":193,"column":19},"end":{"line":193,"column":20}},"loc":{"start":{"line":193,"column":28},"end":{"line":193,"column":null}},"line":193},"13":{"name":"(anonymous_13)","decl":{"start":{"line":212,"column":23},"end":{"line":212,"column":29}},"loc":{"start":{"line":212,"column":29},"end":{"line":212,"column":null}},"line":212},"14":{"name":"(anonymous_14)","decl":{"start":{"line":232,"column":22},"end":{"line":232,"column":23}},"loc":{"start":{"line":232,"column":31},"end":{"line":232,"column":null}},"line":232}},"branchMap":{"0":{"loc":{"start":{"line":42,"column":6},"end":{"line":44,"column":null}},"type":"if","locations":[{"start":{"line":42,"column":6},"end":{"line":44,"column":null}},{"start":{},"end":{}}],"line":42},"1":{"loc":{"start":{"line":42,"column":10},"end":{"line":42,"column":57}},"type":"binary-expr","locations":[{"start":{"line":42,"column":10},"end":{"line":42,"column":34}},{"start":{"line":42,"column":34},"end":{"line":42,"column":57}}],"line":42},"2":{"loc":{"start":{"line":131,"column":21},"end":{"line":131,"column":null}},"type":"binary-expr","locations":[{"start":{"line":131,"column":21},"end":{"line":131,"column":72}},{"start":{"line":131,"column":72},"end":{"line":131,"column":null}}],"line":131},"3":{"loc":{"start":{"line":139,"column":21},"end":{"line":139,"column":null}},"type":"binary-expr","locations":[{"start":{"line":139,"column":21},"end":{"line":139,"column":75}},{"start":{"line":139,"column":75},"end":{"line":139,"column":null}}],"line":139},"4":{"loc":{"start":{"line":147,"column":21},"end":{"line":147,"column":null}},"type":"binary-expr","locations":[{"start":{"line":147,"column":21},"end":{"line":147,"column":75}},{"start":{"line":147,"column":75},"end":{"line":147,"column":null}}],"line":147},"5":{"loc":{"start":{"line":155,"column":21},"end":{"line":155,"column":null}},"type":"binary-expr","locations":[{"start":{"line":155,"column":21},"end":{"line":155,"column":77}},{"start":{"line":155,"column":77},"end":{"line":155,"column":null}}],"line":155},"6":{"loc":{"start":{"line":163,"column":21},"end":{"line":163,"column":null}},"type":"binary-expr","locations":[{"start":{"line":163,"column":21},"end":{"line":163,"column":84}},{"start":{"line":163,"column":84},"end":{"line":163,"column":null}}],"line":163},"7":{"loc":{"start":{"line":176,"column":2},"end":{"line":183,"column":null}},"type":"if","locations":[{"start":{"line":176,"column":2},"end":{"line":183,"column":null}},{"start":{},"end":{}}],"line":176},"8":{"loc":{"start":{"line":186,"column":2},"end":{"line":188,"column":null}},"type":"if","locations":[{"start":{"line":186,"column":2},"end":{"line":188,"column":null}},{"start":{},"end":{}}],"line":186},"9":{"loc":{"start":{"line":186,"column":6},"end":{"line":186,"column":61}},"type":"binary-expr","locations":[{"start":{"line":186,"column":6},"end":{"line":186,"column":34}},{"start":{"line":186,"column":34},"end":{"line":186,"column":61}}],"line":186},"10":{"loc":{"start":{"line":197,"column":7},"end":{"line":224,"column":null}},"type":"binary-expr","locations":[{"start":{"line":197,"column":7},"end":{"line":197,"column":32}},{"start":{"line":197,"column":32},"end":{"line":197,"column":null}},{"start":{"line":198,"column":8},"end":{"line":224,"column":null}}],"line":197},"11":{"loc":{"start":{"line":228,"column":7},"end":{"line":233,"column":null}},"type":"binary-expr","locations":[{"start":{"line":228,"column":7},"end":{"line":228,"column":null}},{"start":{"line":229,"column":8},"end":{"line":233,"column":null}}],"line":228},"12":{"loc":{"start":{"line":236,"column":7},"end":{"line":241,"column":null}},"type":"binary-expr","locations":[{"start":{"line":236,"column":7},"end":{"line":236,"column":null}},{"start":{"line":237,"column":8},"end":{"line":241,"column":null}}],"line":236},"13":{"loc":{"start":{"line":244,"column":7},"end":{"line":249,"column":null}},"type":"binary-expr","locations":[{"start":{"line":244,"column":7},"end":{"line":244,"column":null}},{"start":{"line":245,"column":8},"end":{"line":249,"column":null}}],"line":244},"14":{"loc":{"start":{"line":252,"column":7},"end":{"line":253,"column":null}},"type":"binary-expr","locations":[{"start":{"line":252,"column":7},"end":{"line":252,"column":null}},{"start":{"line":253,"column":8},"end":{"line":253,"column":null}}],"line":252},"15":{"loc":{"start":{"line":256,"column":7},"end":{"line":257,"column":null}},"type":"binary-expr","locations":[{"start":{"line":256,"column":7},"end":{"line":256,"column":null}},{"start":{"line":257,"column":8},"end":{"line":257,"column":null}}],"line":256},"16":{"loc":{"start":{"line":260,"column":7},"end":{"line":261,"column":null}},"type":"binary-expr","locations":[{"start":{"line":260,"column":7},"end":{"line":260,"column":null}},{"start":{"line":261,"column":8},"end":{"line":261,"column":null}}],"line":260},"17":{"loc":{"start":{"line":264,"column":7},"end":{"line":268,"column":null}},"type":"binary-expr","locations":[{"start":{"line":264,"column":7},"end":{"line":264,"column":null}},{"start":{"line":265,"column":8},"end":{"line":268,"column":null}}],"line":264}},"s":{"0":0,"1":0,"2":0,"3":0,"4":0,"5":0,"6":0,"7":0,"8":0,"9":0,"10":0,"11":0,"12":0,"13":0,"14":0,"15":0,"16":0,"17":0,"18":0,"19":0,"20":0,"21":0,"22":0,"23":0,"24":0,"25":0,"26":0,"27":0,"28":0,"29":0,"30":0,"31":0,"32":0,"33":0,"34":0,"35":0,"36":0,"37":0,"38":0,"39":0,"40":0,"41":0,"42":0,"43":0,"44":0,"45":0,"46":0,"47":0,"48":0,"49":0,"50":0,"51":0},"f":{"0":0,"1":0,"2":0,"3":0,"4":0,"5":0,"6":0,"7":0,"8":0,"9":0,"10":0,"11":0,"12":0,"13":0,"14":0},"b":{"0":[0,0],"1":[0,0],"2":[0,0],"3":[0,0],"4":[0,0],"5":[0,0],"6":[0,0],"7":[0,0],"8":[0,0],"9":[0,0],"10":[0,0,0],"11":[0,0],"12":[0,0],"13":[0,0],"14":[0,0],"15":[0,0],"16":[0,0],"17":[0,0]},"meta":{"lastBranch":18,"lastFunction":15,"lastStatement":52,"seen":{"f:16:16:16:22":0,"s:17:32:17:Infinity":0,"s:18:30:18:Infinity":1,"s:19:34:19:Infinity":2,"s:20:32:20:Infinity":3,"s:21:32:21:Infinity":4,"s:24:34:32:Infinity":5,"s:34:20:52:Infinity":6,"f:34:20:34:32":1,"s:35:4:51:Infinity":7,"s:36:21:36:Infinity":8,"s:37:6:41:Infinity":9,"b:42:6:44:Infinity:undefined:undefined:undefined:undefined":0,"s:42:6:44:Infinity":10,"b:42:10:42:34:42:34:42:57":1,"s:43:8:43:Infinity":11,"s:46:6:50:Infinity":12,"s:54:22:69:Infinity":13,"f:54:22:54:34":2,"s:55:4:68:Infinity":14,"s:56:32:60:Infinity":15,"s:61:6:61:Infinity":16,"s:62:6:62:Infinity":17,"s:63:6:63:Infinity":18,"s:65:6:65:Infinity":19,"s:67:6:67:Infinity":20,"s:71:2:76:Infinity":21,"f:71:12:71:18":3,"s:72:4:74:Infinity":22,"f:72:22:72:28":4,"s:73:6:73:Infinity":23,"f:73:20:73:21":5,"s:73:31:73:86":24,"s:75:4:75:Infinity":25,"s:79:29:173:Infinity":26,"f:79:29:79:41":6,"s:80:4:172:Infinity":27,"s:82:6:88:Infinity":28,"s:91:6:99:Infinity":29,"s:102:6:113:Infinity":30,"s:116:6:127:Infinity":31,"s:130:6:136:Infinity":32,"b:131:21:131:72:131:72:131:Infinity":2,"f:131:37:131:38":7,"s:131:44:131:63":33,"s:138:6:144:Infinity":34,"b:139:21:139:75:139:75:139:Infinity":3,"f:139:37:139:38":8,"s:139:44:139:66":35,"s:146:6:152:Infinity":36,"b:147:21:147:75:147:75:147:Infinity":4,"f:147:37:147:38":9,"s:147:44:147:66":37,"s:154:6:160:Infinity":38,"b:155:21:155:77:155:77:155:Infinity":5,"f:155:37:155:38":10,"s:155:44:155:68":39,"s:162:6:167:Infinity":40,"b:163:21:163:84:163:84:163:Infinity":6,"f:163:37:163:38":11,"s:163:44:163:75":41,"s:169:6:169:Infinity":42,"s:171:6:171:Infinity":43,"b:176:2:183:Infinity:undefined:undefined:undefined:undefined":7,"s:176:2:183:Infinity":44,"s:177:4:181:Infinity":45,"b:186:2:188:Infinity:undefined:undefined:undefined:undefined":8,"s:186:2:188:Infinity":46,"b:186:6:186:34:186:34:186:61":9,"s:187:4:187:Infinity":47,"s:190:2:270:Infinity":48,"f:193:19:193:20":12,"s:193:28:193:Infinity":49,"b:197:7:197:32:197:32:197:Infinity:198:8:224:Infinity":10,"f:212:23:212:29":13,"s:212:29:212:Infinity":50,"b:228:7:228:Infinity:229:8:233:Infinity":11,"f:232:22:232:23":14,"s:232:31:232:Infinity":51,"b:236:7:236:Infinity:237:8:241:Infinity":12,"b:244:7:244:Infinity:245:8:249:Infinity":13,"b:252:7:252:Infinity:253:8:253:Infinity":14,"b:256:7:256:Infinity:257:8:257:Infinity":15,"b:260:7:260:Infinity:261:8:261:Infinity":16,"b:264:7:264:Infinity:265:8:268:Infinity":17},"fnNames":{}}}
,"P:\\github.com\\michaelsanford\\Folio\\frontend\\src\\components\\accounts\\AccountsManagerView.tsx": {"path":"P:\\github.com\\michaelsanford\\Folio\\frontend\\src\\components\\accounts\\AccountsManagerView.tsx","statementMap":{"0":{"start":{"line":21,"column":71},"end":{"line":457,"column":null}},"1":{"start":{"line":25,"column":36},"end":{"line":25,"column":null}},"2":{"start":{"line":26,"column":42},"end":{"line":26,"column":null}},"3":{"start":{"line":27,"column":30},"end":{"line":51,"column":null}},"4":{"start":{"line":53,"column":27},"end":{"line":69,"column":null}},"5":{"start":{"line":54,"column":4},"end":{"line":54,"column":null}},"6":{"start":{"line":55,"column":4},"end":{"line":67,"column":null}},"7":{"start":{"line":68,"column":4},"end":{"line":68,"column":null}},"8":{"start":{"line":71,"column":25},"end":{"line":87,"column":null}},"9":{"start":{"line":72,"column":4},"end":{"line":72,"column":null}},"10":{"start":{"line":73,"column":4},"end":{"line":85,"column":null}},"11":{"start":{"line":86,"column":4},"end":{"line":86,"column":null}},"12":{"start":{"line":89,"column":23},"end":{"line":117,"column":null}},"13":{"start":{"line":90,"column":4},"end":{"line":90,"column":null}},"14":{"start":{"line":91,"column":4},"end":{"line":116,"column":null}},"15":{"start":{"line":92,"column":40},"end":{"line":104,"column":null}},"16":{"start":{"line":106,"column":6},"end":{"line":110,"column":null}},"17":{"start":{"line":107,"column":8},"end":{"line":107,"column":null}},"18":{"start":{"line":109,"column":8},"end":{"line":109,"column":null}},"19":{"start":{"line":112,"column":6},"end":{"line":112,"column":null}},"20":{"start":{"line":113,"column":6},"end":{"line":113,"column":null}},"21":{"start":{"line":115,"column":6},"end":{"line":115,"column":null}},"22":{"start":{"line":119,"column":23},"end":{"line":127,"column":null}},"23":{"start":{"line":120,"column":4},"end":{"line":120,"column":null}},"24":{"start":{"line":120,"column":99},"end":{"line":120,"column":null}},"25":{"start":{"line":121,"column":4},"end":{"line":126,"column":null}},"26":{"start":{"line":122,"column":6},"end":{"line":122,"column":null}},"27":{"start":{"line":123,"column":6},"end":{"line":123,"column":null}},"28":{"start":{"line":125,"column":6},"end":{"line":125,"column":null}},"29":{"start":{"line":129,"column":24},"end":{"line":131,"column":null}},"30":{"start":{"line":130,"column":4},"end":{"line":130,"column":null}},"31":{"start":{"line":133,"column":28},"end":{"line":135,"column":null}},"32":{"start":{"line":134,"column":4},"end":{"line":134,"column":null}},"33":{"start":{"line":137,"column":2},"end":{"line":455,"column":null}},"34":{"start":{"line":161,"column":12},"end":{"line":200,"column":null}},"35":{"start":{"line":180,"column":35},"end":{"line":180,"column":null}},"36":{"start":{"line":186,"column":35},"end":{"line":186,"column":null}},"37":{"start":{"line":212,"column":12},"end":{"line":263,"column":null}},"38":{"start":{"line":235,"column":35},"end":{"line":235,"column":null}},"39":{"start":{"line":241,"column":35},"end":{"line":241,"column":null}},"40":{"start":{"line":281,"column":31},"end":{"line":281,"column":null}},"41":{"start":{"line":295,"column":35},"end":{"line":295,"column":null}},"42":{"start":{"line":306,"column":37},"end":{"line":306,"column":null}},"43":{"start":{"line":326,"column":37},"end":{"line":326,"column":null}},"44":{"start":{"line":339,"column":37},"end":{"line":339,"column":null}},"45":{"start":{"line":349,"column":37},"end":{"line":349,"column":null}},"46":{"start":{"line":363,"column":37},"end":{"line":363,"column":null}},"47":{"start":{"line":379,"column":41},"end":{"line":379,"column":null}},"48":{"start":{"line":389,"column":41},"end":{"line":389,"column":null}},"49":{"start":{"line":403,"column":41},"end":{"line":403,"column":null}},"50":{"start":{"line":414,"column":41},"end":{"line":414,"column":null}},"51":{"start":{"line":428,"column":41},"end":{"line":428,"column":null}},"52":{"start":{"line":440,"column":31},"end":{"line":440,"column":null}}},"fnMap":{"0":{"name":"(anonymous_0)","decl":{"start":{"line":21,"column":71},"end":{"line":21,"column":72}},"loc":{"start":{"line":24,"column":6},"end":{"line":457,"column":null}},"line":24},"1":{"name":"(anonymous_1)","decl":{"start":{"line":53,"column":27},"end":{"line":53,"column":33}},"loc":{"start":{"line":53,"column":33},"end":{"line":69,"column":null}},"line":53},"2":{"name":"(anonymous_2)","decl":{"start":{"line":71,"column":25},"end":{"line":71,"column":26}},"loc":{"start":{"line":71,"column":43},"end":{"line":87,"column":null}},"line":71},"3":{"name":"(anonymous_3)","decl":{"start":{"line":89,"column":23},"end":{"line":89,"column":30}},"loc":{"start":{"line":89,"column":53},"end":{"line":117,"column":null}},"line":89},"4":{"name":"(anonymous_4)","decl":{"start":{"line":119,"column":23},"end":{"line":119,"column":30}},"loc":{"start":{"line":119,"column":45},"end":{"line":127,"column":null}},"line":119},"5":{"name":"(anonymous_5)","decl":{"start":{"line":129,"column":40},"end":{"line":129,"column":41}},"loc":{"start":{"line":130,"column":4},"end":{"line":130,"column":null}},"line":130},"6":{"name":"(anonymous_6)","decl":{"start":{"line":133,"column":44},"end":{"line":133,"column":45}},"loc":{"start":{"line":134,"column":4},"end":{"line":134,"column":null}},"line":134},"7":{"name":"(anonymous_7)","decl":{"start":{"line":160,"column":29},"end":{"line":160,"column":30}},"loc":{"start":{"line":161,"column":12},"end":{"line":200,"column":null}},"line":161},"8":{"name":"(anonymous_8)","decl":{"start":{"line":180,"column":29},"end":{"line":180,"column":35}},"loc":{"start":{"line":180,"column":35},"end":{"line":180,"column":null}},"line":180},"9":{"name":"(anonymous_9)","decl":{"start":{"line":186,"column":29},"end":{"line":186,"column":35}},"loc":{"start":{"line":186,"column":35},"end":{"line":186,"column":null}},"line":186},"10":{"name":"(anonymous_10)","decl":{"start":{"line":211,"column":33},"end":{"line":211,"column":34}},"loc":{"start":{"line":212,"column":12},"end":{"line":263,"column":null}},"line":212},"11":{"name":"(anonymous_11)","decl":{"start":{"line":235,"column":29},"end":{"line":235,"column":35}},"loc":{"start":{"line":235,"column":35},"end":{"line":235,"column":null}},"line":235},"12":{"name":"(anonymous_12)","decl":{"start":{"line":241,"column":29},"end":{"line":241,"column":35}},"loc":{"start":{"line":241,"column":35},"end":{"line":241,"column":null}},"line":241},"13":{"name":"(anonymous_13)","decl":{"start":{"line":281,"column":25},"end":{"line":281,"column":31}},"loc":{"start":{"line":281,"column":31},"end":{"line":281,"column":null}},"line":281},"14":{"name":"(anonymous_14)","decl":{"start":{"line":295,"column":28},"end":{"line":295,"column":29}},"loc":{"start":{"line":295,"column":35},"end":{"line":295,"column":null}},"line":295},"15":{"name":"(anonymous_15)","decl":{"start":{"line":306,"column":30},"end":{"line":306,"column":31}},"loc":{"start":{"line":306,"column":37},"end":{"line":306,"column":null}},"line":306},"16":{"name":"(anonymous_16)","decl":{"start":{"line":326,"column":30},"end":{"line":326,"column":31}},"loc":{"start":{"line":326,"column":37},"end":{"line":326,"column":null}},"line":326},"17":{"name":"(anonymous_17)","decl":{"start":{"line":339,"column":30},"end":{"line":339,"column":31}},"loc":{"start":{"line":339,"column":37},"end":{"line":339,"column":null}},"line":339},"18":{"name":"(anonymous_18)","decl":{"start":{"line":349,"column":30},"end":{"line":349,"column":31}},"loc":{"start":{"line":349,"column":37},"end":{"line":349,"column":null}},"line":349},"19":{"name":"(anonymous_19)","decl":{"start":{"line":363,"column":30},"end":{"line":363,"column":31}},"loc":{"start":{"line":363,"column":37},"end":{"line":363,"column":null}},"line":363},"20":{"name":"(anonymous_20)","decl":{"start":{"line":379,"column":34},"end":{"line":379,"column":35}},"loc":{"start":{"line":379,"column":41},"end":{"line":379,"column":null}},"line":379},"21":{"name":"(anonymous_21)","decl":{"start":{"line":389,"column":34},"end":{"line":389,"column":35}},"loc":{"start":{"line":389,"column":41},"end":{"line":389,"column":null}},"line":389},"22":{"name":"(anonymous_22)","decl":{"start":{"line":403,"column":34},"end":{"line":403,"column":35}},"loc":{"start":{"line":403,"column":41},"end":{"line":403,"column":null}},"line":403},"23":{"name":"(anonymous_23)","decl":{"start":{"line":414,"column":34},"end":{"line":414,"column":35}},"loc":{"start":{"line":414,"column":41},"end":{"line":414,"column":null}},"line":414},"24":{"name":"(anonymous_24)","decl":{"start":{"line":428,"column":34},"end":{"line":428,"column":35}},"loc":{"start":{"line":428,"column":41},"end":{"line":428,"column":null}},"line":428},"25":{"name":"(anonymous_25)","decl":{"start":{"line":440,"column":25},"end":{"line":440,"column":31}},"loc":{"start":{"line":440,"column":31},"end":{"line":440,"column":null}},"line":440}},"branchMap":{"0":{"loc":{"start":{"line":76,"column":19},"end":{"line":76,"column":null}},"type":"binary-expr","locations":[{"start":{"line":76,"column":19},"end":{"line":76,"column":38}},{"start":{"line":76,"column":38},"end":{"line":76,"column":null}}],"line":76},"1":{"loc":{"start":{"line":77,"column":27},"end":{"line":77,"column":null}},"type":"binary-expr","locations":[{"start":{"line":77,"column":27},"end":{"line":77,"column":54}},{"start":{"line":77,"column":54},"end":{"line":77,"column":null}}],"line":77},"2":{"loc":{"start":{"line":79,"column":20},"end":{"line":79,"column":null}},"type":"binary-expr","locations":[{"start":{"line":79,"column":20},"end":{"line":79,"column":40}},{"start":{"line":79,"column":40},"end":{"line":79,"column":null}}],"line":79},"3":{"loc":{"start":{"line":80,"column":21},"end":{"line":80,"column":null}},"type":"binary-expr","locations":[{"start":{"line":80,"column":21},"end":{"line":80,"column":42}},{"start":{"line":80,"column":42},"end":{"line":80,"column":null}}],"line":80},"4":{"loc":{"start":{"line":81,"column":24},"end":{"line":81,"column":null}},"type":"binary-expr","locations":[{"start":{"line":81,"column":24},"end":{"line":81,"column":48}},{"start":{"line":81,"column":48},"end":{"line":81,"column":null}}],"line":81},"5":{"loc":{"start":{"line":82,"column":31},"end":{"line":82,"column":null}},"type":"binary-expr","locations":[{"start":{"line":82,"column":31},"end":{"line":82,"column":62}},{"start":{"line":82,"column":62},"end":{"line":82,"column":null}}],"line":82},"6":{"loc":{"start":{"line":83,"column":23},"end":{"line":83,"column":null}},"type":"binary-expr","locations":[{"start":{"line":83,"column":23},"end":{"line":83,"column":46}},{"start":{"line":83,"column":46},"end":{"line":83,"column":null}}],"line":83},"7":{"loc":{"start":{"line":84,"column":22},"end":{"line":84,"column":null}},"type":"binary-expr","locations":[{"start":{"line":84,"column":22},"end":{"line":84,"column":44}},{"start":{"line":84,"column":44},"end":{"line":84,"column":null}}],"line":84},"8":{"loc":{"start":{"line":95,"column":21},"end":{"line":95,"column":null}},"type":"binary-expr","locations":[{"start":{"line":95,"column":21},"end":{"line":95,"column":45}},{"start":{"line":95,"column":45},"end":{"line":95,"column":null}}],"line":95},"9":{"loc":{"start":{"line":96,"column":29},"end":{"line":96,"column":null}},"type":"binary-expr","locations":[{"start":{"line":96,"column":29},"end":{"line":96,"column":61}},{"start":{"line":96,"column":61},"end":{"line":96,"column":null}}],"line":96},"10":{"loc":{"start":{"line":98,"column":22},"end":{"line":98,"column":null}},"type":"cond-expr","locations":[{"start":{"line":98,"column":56},"end":{"line":98,"column":88}},{"start":{"line":98,"column":88},"end":{"line":98,"column":null}}],"line":98},"11":{"loc":{"start":{"line":99,"column":23},"end":{"line":99,"column":null}},"type":"binary-expr","locations":[{"start":{"line":99,"column":23},"end":{"line":99,"column":57}},{"start":{"line":99,"column":57},"end":{"line":99,"column":null}}],"line":99},"12":{"loc":{"start":{"line":100,"column":26},"end":{"line":100,"column":null}},"type":"binary-expr","locations":[{"start":{"line":100,"column":26},"end":{"line":100,"column":63}},{"start":{"line":100,"column":63},"end":{"line":100,"column":null}}],"line":100},"13":{"loc":{"start":{"line":101,"column":33},"end":{"line":101,"column":null}},"type":"binary-expr","locations":[{"start":{"line":101,"column":33},"end":{"line":101,"column":77}},{"start":{"line":101,"column":77},"end":{"line":101,"column":null}}],"line":101},"14":{"loc":{"start":{"line":102,"column":25},"end":{"line":102,"column":null}},"type":"binary-expr","locations":[{"start":{"line":102,"column":25},"end":{"line":102,"column":61}},{"start":{"line":102,"column":61},"end":{"line":102,"column":null}}],"line":102},"15":{"loc":{"start":{"line":103,"column":24},"end":{"line":103,"column":null}},"type":"binary-expr","locations":[{"start":{"line":103,"column":24},"end":{"line":103,"column":59}},{"start":{"line":103,"column":59},"end":{"line":103,"column":null}}],"line":103},"16":{"loc":{"start":{"line":106,"column":6},"end":{"line":110,"column":null}},"type":"if","locations":[{"start":{"line":106,"column":6},"end":{"line":110,"column":null}},{"start":{"line":108,"column":13},"end":{"line":110,"column":null}}],"line":106},"17":{"loc":{"start":{"line":120,"column":4},"end":{"line":120,"column":null}},"type":"if","locations":[{"start":{"line":120,"column":4},"end":{"line":120,"column":null}},{"start":{},"end":{}}],"line":120},"18":{"loc":{"start":{"line":173,"column":41},"end":{"line":173,"column":null}},"type":"cond-expr","locations":[{"start":{"line":173,"column":67},"end":{"line":173,"column":100}},{"start":{"line":173,"column":100},"end":{"line":173,"column":null}}],"line":173},"19":{"loc":{"start":{"line":219,"column":21},"end":{"line":222,"column":null}},"type":"cond-expr","locations":[{"start":{"line":220,"column":22},"end":{"line":220,"column":null}},{"start":{"line":222,"column":22},"end":{"line":222,"column":null}}],"line":219},"20":{"loc":{"start":{"line":228,"column":41},"end":{"line":228,"column":null}},"type":"cond-expr","locations":[{"start":{"line":228,"column":67},"end":{"line":228,"column":100}},{"start":{"line":228,"column":100},"end":{"line":228,"column":null}}],"line":228},"21":{"loc":{"start":{"line":256,"column":17},"end":{"line":261,"column":null}},"type":"cond-expr","locations":[{"start":{"line":257,"column":18},"end":{"line":260,"column":null}},{"start":{"line":261,"column":20},"end":{"line":261,"column":null}}],"line":256},"22":{"loc":{"start":{"line":269,"column":7},"end":{"line":453,"column":null}},"type":"binary-expr","locations":[{"start":{"line":269,"column":7},"end":{"line":269,"column":null}},{"start":{"line":270,"column":8},"end":{"line":453,"column":null}}],"line":269},"23":{"loc":{"start":{"line":277,"column":17},"end":{"line":277,"column":null}},"type":"cond-expr","locations":[{"start":{"line":277,"column":34},"end":{"line":277,"column":51}},{"start":{"line":277,"column":51},"end":{"line":277,"column":null}}],"line":277},"24":{"loc":{"start":{"line":349,"column":81},"end":{"line":349,"column":113}},"type":"binary-expr","locations":[{"start":{"line":349,"column":81},"end":{"line":349,"column":111}},{"start":{"line":349,"column":111},"end":{"line":349,"column":113}}],"line":349},"25":{"loc":{"start":{"line":355,"column":15},"end":{"line":366,"column":null}},"type":"binary-expr","locations":[{"start":{"line":355,"column":15},"end":{"line":355,"column":null}},{"start":{"line":356,"column":16},"end":{"line":366,"column":null}}],"line":355},"26":{"loc":{"start":{"line":363,"column":78},"end":{"line":363,"column":110}},"type":"binary-expr","locations":[{"start":{"line":363,"column":78},"end":{"line":363,"column":108}},{"start":{"line":363,"column":108},"end":{"line":363,"column":110}}],"line":363},"27":{"loc":{"start":{"line":369,"column":15},"end":{"line":433,"column":null}},"type":"binary-expr","locations":[{"start":{"line":369,"column":15},"end":{"line":369,"column":null}},{"start":{"line":370,"column":16},"end":{"line":433,"column":null}}],"line":369},"28":{"loc":{"start":{"line":379,"column":83},"end":{"line":379,"column":115}},"type":"binary-expr","locations":[{"start":{"line":379,"column":83},"end":{"line":379,"column":113}},{"start":{"line":379,"column":113},"end":{"line":379,"column":115}}],"line":379},"29":{"loc":{"start":{"line":389,"column":86},"end":{"line":389,"column":118}},"type":"binary-expr","locations":[{"start":{"line":389,"column":86},"end":{"line":389,"column":114}},{"start":{"line":389,"column":114},"end":{"line":389,"column":118}}],"line":389},"30":{"loc":{"start":{"line":403,"column":93},"end":{"line":403,"column":125}},"type":"binary-expr","locations":[{"start":{"line":403,"column":93},"end":{"line":403,"column":123}},{"start":{"line":403,"column":123},"end":{"line":403,"column":125}}],"line":403},"31":{"loc":{"start":{"line":414,"column":85},"end":{"line":414,"column":117}},"type":"binary-expr","locations":[{"start":{"line":414,"column":85},"end":{"line":414,"column":115}},{"start":{"line":414,"column":115},"end":{"line":414,"column":117}}],"line":414},"32":{"loc":{"start":{"line":420,"column":19},"end":{"line":431,"column":null}},"type":"binary-expr","locations":[{"start":{"line":420,"column":19},"end":{"line":420,"column":null}},{"start":{"line":421,"column":20},"end":{"line":431,"column":null}}],"line":420},"33":{"loc":{"start":{"line":428,"column":84},"end":{"line":428,"column":116}},"type":"binary-expr","locations":[{"start":{"line":428,"column":84},"end":{"line":428,"column":114}},{"start":{"line":428,"column":114},"end":{"line":428,"column":116}}],"line":428},"34":{"loc":{"start":{"line":449,"column":17},"end":{"line":449,"column":null}},"type":"cond-expr","locations":[{"start":{"line":449,"column":34},"end":{"line":449,"column":53}},{"start":{"line":449,"column":53},"end":{"line":449,"column":null}}],"line":449}},"s":{"0":0,"1":0,"2":0,"3":0,"4":0,"5":0,"6":0,"7":0,"8":0,"9":0,"10":0,"11":0,"12":0,"13":0,"14":0,"15":0,"16":0,"17":0,"18":0,"19":0,"20":0,"21":0,"22":0,"23":0,"24":0,"25":0,"26":0,"27":0,"28":0,"29":0,"30":0,"31":0,"32":0,"33":0,"34":0,"35":0,"36":0,"37":0,"38":0,"39":0,"40":0,"41":0,"42":0,"43":0,"44":0,"45":0,"46":0,"47":0,"48":0,"49":0,"50":0,"51":0,"52":0},"f":{"0":0,"1":0,"2":0,"3":0,"4":0,"5":0,"6":0,"7":0,"8":0,"9":0,"10":0,"11":0,"12":0,"13":0,"14":0,"15":0,"16":0,"17":0,"18":0,"19":0,"20":0,"21":0,"22":0,"23":0,"24":0,"25":0},"b":{"0":[0,0],"1":[0,0],"2":[0,0],"3":[0,0],"4":[0,0],"5":[0,0],"6":[0,0],"7":[0,0],"8":[0,0],"9":[0,0],"10":[0,0],"11":[0,0],"12":[0,0],"13":[0,0],"14":[0,0],"15":[0,0],"16":[0,0],"17":[0,0],"18":[0,0],"19":[0,0],"20":[0,0],"21":[0,0],"22":[0,0],"23":[0,0],"24":[0,0],"25":[0,0],"26":[0,0],"27":[0,0],"28":[0,0],"29":[0,0],"30":[0,0],"31":[0,0],"32":[0,0],"33":[0,0],"34":[0,0]},"meta":{"lastBranch":35,"lastFunction":26,"lastStatement":53,"seen":{"s:21:71:457:Infinity":0,"f:21:71:21:72":0,"s:25:36:25:Infinity":1,"s:26:42:26:Infinity":2,"s:27:30:51:Infinity":3,"s:53:27:69:Infinity":4,"f:53:27:53:33":1,"s:54:4:54:Infinity":5,"s:55:4:67:Infinity":6,"s:68:4:68:Infinity":7,"s:71:25:87:Infinity":8,"f:71:25:71:26":2,"s:72:4:72:Infinity":9,"s:73:4:85:Infinity":10,"b:76:19:76:38:76:38:76:Infinity":0,"b:77:27:77:54:77:54:77:Infinity":1,"b:79:20:79:40:79:40:79:Infinity":2,"b:80:21:80:42:80:42:80:Infinity":3,"b:81:24:81:48:81:48:81:Infinity":4,"b:82:31:82:62:82:62:82:Infinity":5,"b:83:23:83:46:83:46:83:Infinity":6,"b:84:22:84:44:84:44:84:Infinity":7,"s:86:4:86:Infinity":11,"s:89:23:117:Infinity":12,"f:89:23:89:30":3,"s:90:4:90:Infinity":13,"s:91:4:116:Infinity":14,"s:92:40:104:Infinity":15,"b:95:21:95:45:95:45:95:Infinity":8,"b:96:29:96:61:96:61:96:Infinity":9,"b:98:56:98:88:98:88:98:Infinity":10,"b:99:23:99:57:99:57:99:Infinity":11,"b:100:26:100:63:100:63:100:Infinity":12,"b:101:33:101:77:101:77:101:Infinity":13,"b:102:25:102:61:102:61:102:Infinity":14,"b:103:24:103:59:103:59:103:Infinity":15,"b:106:6:110:Infinity:108:13:110:Infinity":16,"s:106:6:110:Infinity":16,"s:107:8:107:Infinity":17,"s:109:8:109:Infinity":18,"s:112:6:112:Infinity":19,"s:113:6:113:Infinity":20,"s:115:6:115:Infinity":21,"s:119:23:127:Infinity":22,"f:119:23:119:30":4,"b:120:4:120:Infinity:undefined:undefined:undefined:undefined":17,"s:120:4:120:Infinity":23,"s:120:99:120:Infinity":24,"s:121:4:126:Infinity":25,"s:122:6:122:Infinity":26,"s:123:6:123:Infinity":27,"s:125:6:125:Infinity":28,"s:129:24:131:Infinity":29,"f:129:40:129:41":5,"s:130:4:130:Infinity":30,"s:133:28:135:Infinity":31,"f:133:44:133:45":6,"s:134:4:134:Infinity":32,"s:137:2:455:Infinity":33,"f:160:29:160:30":7,"s:161:12:200:Infinity":34,"b:173:67:173:100:173:100:173:Infinity":18,"f:180:29:180:35":8,"s:180:35:180:Infinity":35,"f:186:29:186:35":9,"s:186:35:186:Infinity":36,"f:211:33:211:34":10,"s:212:12:263:Infinity":37,"b:220:22:220:Infinity:222:22:222:Infinity":19,"b:228:67:228:100:228:100:228:Infinity":20,"f:235:29:235:35":11,"s:235:35:235:Infinity":38,"f:241:29:241:35":12,"s:241:35:241:Infinity":39,"b:257:18:260:Infinity:261:20:261:Infinity":21,"b:269:7:269:Infinity:270:8:453:Infinity":22,"b:277:34:277:51:277:51:277:Infinity":23,"f:281:25:281:31":13,"s:281:31:281:Infinity":40,"f:295:28:295:29":14,"s:295:35:295:Infinity":41,"f:306:30:306:31":15,"s:306:37:306:Infinity":42,"f:326:30:326:31":16,"s:326:37:326:Infinity":43,"f:339:30:339:31":17,"s:339:37:339:Infinity":44,"f:349:30:349:31":18,"s:349:37:349:Infinity":45,"b:349:81:349:111:349:111:349:113":24,"b:355:15:355:Infinity:356:16:366:Infinity":25,"f:363:30:363:31":19,"s:363:37:363:Infinity":46,"b:363:78:363:108:363:108:363:110":26,"b:369:15:369:Infinity:370:16:433:Infinity":27,"f:379:34:379:35":20,"s:379:41:379:Infinity":47,"b:379:83:379:113:379:113:379:115":28,"f:389:34:389:35":21,"s:389:41:389:Infinity":48,"b:389:86:389:114:389:114:389:118":29,"f:403:34:403:35":22,"s:403:41:403:Infinity":49,"b:403:93:403:123:403:123:403:125":30,"f:414:34:414:35":23,"s:414:41:414:Infinity":50,"b:414:85:414:115:414:115:414:117":31,"b:420:19:420:Infinity:421:20:431:Infinity":32,"f:428:34:428:35":24,"s:428:41:428:Infinity":51,"b:428:84:428:114:428:114:428:116":33,"f:440:25:440:31":25,"s:440:31:440:Infinity":52,"b:449:34:449:53:449:53:449:Infinity":34},"fnNames":{}}}
,"P:\\github.com\\michaelsanford\\Folio\\frontend\\src\\components\\auth\\LockScreen.tsx": {"path":"P:\\github.com\\michaelsanford\\Folio\\frontend\\src\\components\\auth\\LockScreen.tsx","statementMap":{"0":{"start":{"line":10,"column":53},"end":{"line":123,"column":null}},"1":{"start":{"line":14,"column":30},"end":{"line":14,"column":null}},"2":{"start":{"line":15,"column":38},"end":{"line":15,"column":null}},"3":{"start":{"line":16,"column":24},"end":{"line":16,"column":null}},"4":{"start":{"line":17,"column":32},"end":{"line":17,"column":null}},"5":{"start":{"line":19,"column":23},"end":{"line":39,"column":null}},"6":{"start":{"line":20,"column":4},"end":{"line":20,"column":null}},"7":{"start":{"line":21,"column":4},"end":{"line":21,"column":null}},"8":{"start":{"line":21,"column":26},"end":{"line":21,"column":null}},"9":{"start":{"line":23,"column":4},"end":{"line":23,"column":null}},"10":{"start":{"line":24,"column":4},"end":{"line":24,"column":null}},"11":{"start":{"line":26,"column":4},"end":{"line":38,"column":null}},"12":{"start":{"line":27,"column":6},"end":{"line":32,"column":null}},"13":{"start":{"line":28,"column":8},"end":{"line":28,"column":null}},"14":{"start":{"line":29,"column":8},"end":{"line":29,"column":null}},"15":{"start":{"line":31,"column":8},"end":{"line":31,"column":null}},"16":{"start":{"line":33,"column":6},"end":{"line":33,"column":null}},"17":{"start":{"line":35,"column":6},"end":{"line":35,"column":null}},"18":{"start":{"line":37,"column":6},"end":{"line":37,"column":null}},"19":{"start":{"line":41,"column":2},"end":{"line":121,"column":null}},"20":{"start":{"line":72,"column":35},"end":{"line":72,"column":null}},"21":{"start":{"line":81,"column":33},"end":{"line":81,"column":null}}},"fnMap":{"0":{"name":"(anonymous_0)","decl":{"start":{"line":10,"column":53},"end":{"line":10,"column":54}},"loc":{"start":{"line":13,"column":6},"end":{"line":123,"column":null}},"line":13},"1":{"name":"(anonymous_1)","decl":{"start":{"line":19,"column":23},"end":{"line":19,"column":30}},"loc":{"start":{"line":19,"column":53},"end":{"line":39,"column":null}},"line":19},"2":{"name":"(anonymous_2)","decl":{"start":{"line":72,"column":28},"end":{"line":72,"column":29}},"loc":{"start":{"line":72,"column":35},"end":{"line":72,"column":null}},"line":72},"3":{"name":"(anonymous_3)","decl":{"start":{"line":81,"column":27},"end":{"line":81,"column":33}},"loc":{"start":{"line":81,"column":33},"end":{"line":81,"column":null}},"line":81}},"branchMap":{"0":{"loc":{"start":{"line":12,"column":2},"end":{"line":12,"column":null}},"type":"default-arg","locations":[{"start":{"line":12,"column":19},"end":{"line":12,"column":null}}],"line":12},"1":{"loc":{"start":{"line":21,"column":4},"end":{"line":21,"column":null}},"type":"if","locations":[{"start":{"line":21,"column":4},"end":{"line":21,"column":null}},{"start":{},"end":{}}],"line":21},"2":{"loc":{"start":{"line":27,"column":6},"end":{"line":32,"column":null}},"type":"if","locations":[{"start":{"line":27,"column":6},"end":{"line":32,"column":null}},{"start":{"line":30,"column":13},"end":{"line":32,"column":null}}],"line":27},"3":{"loc":{"start":{"line":35,"column":15},"end":{"line":35,"column":57}},"type":"binary-expr","locations":[{"start":{"line":35,"column":15},"end":{"line":35,"column":30}},{"start":{"line":35,"column":30},"end":{"line":35,"column":57}}],"line":35},"4":{"loc":{"start":{"line":55,"column":13},"end":{"line":57,"column":null}},"type":"cond-expr","locations":[{"start":{"line":56,"column":16},"end":{"line":56,"column":null}},{"start":{"line":57,"column":16},"end":{"line":57,"column":null}}],"line":55},"5":{"loc":{"start":{"line":66,"column":17},"end":{"line":66,"column":null}},"type":"cond-expr","locations":[{"start":{"line":66,"column":34},"end":{"line":66,"column":60}},{"start":{"line":66,"column":60},"end":{"line":66,"column":null}}],"line":66},"6":{"loc":{"start":{"line":70,"column":24},"end":{"line":70,"column":null}},"type":"cond-expr","locations":[{"start":{"line":70,"column":39},"end":{"line":70,"column":48}},{"start":{"line":70,"column":48},"end":{"line":70,"column":null}}],"line":70},"7":{"loc":{"start":{"line":84,"column":19},"end":{"line":87,"column":null}},"type":"cond-expr","locations":[{"start":{"line":85,"column":20},"end":{"line":85,"column":null}},{"start":{"line":87,"column":20},"end":{"line":87,"column":null}}],"line":84},"8":{"loc":{"start":{"line":93,"column":13},"end":{"line":96,"column":null}},"type":"binary-expr","locations":[{"start":{"line":93,"column":13},"end":{"line":93,"column":null}},{"start":{"line":94,"column":14},"end":{"line":96,"column":null}}],"line":93},"9":{"loc":{"start":{"line":101,"column":24},"end":{"line":101,"column":null}},"type":"binary-expr","locations":[{"start":{"line":101,"column":24},"end":{"line":101,"column":37}},{"start":{"line":101,"column":37},"end":{"line":101,"column":null}}],"line":101},"10":{"loc":{"start":{"line":104,"column":15},"end":{"line":110,"column":null}},"type":"cond-expr","locations":[{"start":{"line":105,"column":16},"end":{"line":105,"column":null}},{"start":{"line":107,"column":16},"end":{"line":110,"column":null}}],"line":104},"11":{"loc":{"start":{"line":108,"column":25},"end":{"line":108,"column":78}},"type":"cond-expr","locations":[{"start":{"line":108,"column":42},"end":{"line":108,"column":63}},{"start":{"line":108,"column":63},"end":{"line":108,"column":78}}],"line":108}},"s":{"0":1,"1":9,"2":9,"3":9,"4":9,"5":9,"6":2,"7":2,"8":0,"9":2,"10":2,"11":2,"12":2,"13":0,"14":0,"15":2,"16":1,"17":1,"18":2,"19":9,"20":2,"21":0},"f":{"0":9,"1":2,"2":2,"3":0},"b":{"0":[9],"1":[0,2],"2":[0,2],"3":[1,0],"4":[0,9],"5":[0,9],"6":[0,9],"7":[0,9],"8":[9,1],"9":[9,7],"10":[2,7],"11":[0,7]},"meta":{"lastBranch":12,"lastFunction":4,"lastStatement":22,"seen":{"s:10:53:123:Infinity":0,"f:10:53:10:54":0,"b:12:19:12:Infinity":0,"s:14:30:14:Infinity":1,"s:15:38:15:Infinity":2,"s:16:24:16:Infinity":3,"s:17:32:17:Infinity":4,"s:19:23:39:Infinity":5,"f:19:23:19:30":1,"s:20:4:20:Infinity":6,"b:21:4:21:Infinity:undefined:undefined:undefined:undefined":1,"s:21:4:21:Infinity":7,"s:21:26:21:Infinity":8,"s:23:4:23:Infinity":9,"s:24:4:24:Infinity":10,"s:26:4:38:Infinity":11,"b:27:6:32:Infinity:30:13:32:Infinity":2,"s:27:6:32:Infinity":12,"s:28:8:28:Infinity":13,"s:29:8:29:Infinity":14,"s:31:8:31:Infinity":15,"s:33:6:33:Infinity":16,"s:35:6:35:Infinity":17,"b:35:15:35:30:35:30:35:57":3,"s:37:6:37:Infinity":18,"s:41:2:121:Infinity":19,"b:56:16:56:Infinity:57:16:57:Infinity":4,"b:66:34:66:60:66:60:66:Infinity":5,"b:70:39:70:48:70:48:70:Infinity":6,"f:72:28:72:29":2,"s:72:35:72:Infinity":20,"f:81:27:81:33":3,"s:81:33:81:Infinity":21,"b:85:20:85:Infinity:87:20:87:Infinity":7,"b:93:13:93:Infinity:94:14:96:Infinity":8,"b:101:24:101:37:101:37:101:Infinity":9,"b:105:16:105:Infinity:107:16:110:Infinity":10,"b:108:42:108:63:108:63:108:78":11},"fnNames":{}}}
,"P:\\github.com\\michaelsanford\\Folio\\frontend\\src\\components\\budgeting\\BudgetingView.tsx": {"path":"P:\\github.com\\michaelsanford\\Folio\\frontend\\src\\components\\budgeting\\BudgetingView.tsx","statementMap":{"0":{"start":{"line":20,"column":59},"end":{"line":256,"column":null}},"1":{"start":{"line":21,"column":36},"end":{"line":21,"column":null}},"2":{"start":{"line":22,"column":26},"end":{"line":22,"column":null}},"3":{"start":{"line":23,"column":32},"end":{"line":23,"column":null}},"4":{"start":{"line":24,"column":44},"end":{"line":24,"column":null}},"5":{"start":{"line":25,"column":36},"end":{"line":25,"column":null}},"6":{"start":{"line":27,"column":15},"end":{"line":27,"column":null}},"7":{"start":{"line":28,"column":16},"end":{"line":28,"column":null}},"8":{"start":{"line":30,"column":20},"end":{"line":30,"column":null}},"9":{"start":{"line":32,"column":21},"end":{"line":44,"column":null}},"10":{"start":{"line":33,"column":4},"end":{"line":33,"column":null}},"11":{"start":{"line":34,"column":4},"end":{"line":43,"column":null}},"12":{"start":{"line":35,"column":19},"end":{"line":35,"column":null}},"13":{"start":{"line":36,"column":6},"end":{"line":36,"column":null}},"14":{"start":{"line":39,"column":19},"end":{"line":39,"column":null}},"15":{"start":{"line":40,"column":6},"end":{"line":40,"column":null}},"16":{"start":{"line":42,"column":6},"end":{"line":42,"column":null}},"17":{"start":{"line":46,"column":2},"end":{"line":48,"column":null}},"18":{"start":{"line":47,"column":4},"end":{"line":47,"column":null}},"19":{"start":{"line":50,"column":26},"end":{"line":52,"column":null}},"20":{"start":{"line":51,"column":4},"end":{"line":51,"column":null}},"21":{"start":{"line":54,"column":26},"end":{"line":56,"column":null}},"22":{"start":{"line":55,"column":4},"end":{"line":55,"column":null}},"23":{"start":{"line":58,"column":34},"end":{"line":69,"column":null}},"24":{"start":{"line":59,"column":4},"end":{"line":59,"column":null}},"25":{"start":{"line":59,"column":17},"end":{"line":59,"column":null}},"26":{"start":{"line":60,"column":4},"end":{"line":68,"column":null}},"27":{"start":{"line":61,"column":22},"end":{"line":63,"column":null}},"28":{"start":{"line":64,"column":6},"end":{"line":64,"column":null}},"29":{"start":{"line":65,"column":6},"end":{"line":65,"column":null}},"30":{"start":{"line":67,"column":6},"end":{"line":67,"column":null}},"31":{"start":{"line":71,"column":31},"end":{"line":71,"column":null}},"32":{"start":{"line":71,"column":65},"end":{"line":71,"column":90}},"33":{"start":{"line":72,"column":30},"end":{"line":72,"column":null}},"34":{"start":{"line":73,"column":26},"end":{"line":73,"column":null}},"35":{"start":{"line":75,"column":2},"end":{"line":254,"column":null}},"36":{"start":{"line":154,"column":26},"end":{"line":154,"column":null}},"37":{"start":{"line":154,"column":49},"end":{"line":154,"column":74}},"38":{"start":{"line":155,"column":14},"end":{"line":155,"column":null}},"39":{"start":{"line":155,"column":24},"end":{"line":155,"column":null}},"40":{"start":{"line":158,"column":16},"end":{"line":162,"column":null}},"41":{"start":{"line":164,"column":29},"end":{"line":164,"column":null}},"42":{"start":{"line":165,"column":32},"end":{"line":165,"column":null}},"43":{"start":{"line":167,"column":14},"end":{"line":244,"column":null}},"44":{"start":{"line":189,"column":45},"end":{"line":189,"column":null}},"45":{"start":{"line":193,"column":43},"end":{"line":193,"column":null}},"46":{"start":{"line":207,"column":30},"end":{"line":207,"column":null}},"47":{"start":{"line":208,"column":30},"end":{"line":208,"column":null}}},"fnMap":{"0":{"name":"(anonymous_0)","decl":{"start":{"line":20,"column":59},"end":{"line":20,"column":60}},"loc":{"start":{"line":20,"column":79},"end":{"line":256,"column":null}},"line":20},"1":{"name":"(anonymous_1)","decl":{"start":{"line":32,"column":21},"end":{"line":32,"column":33}},"loc":{"start":{"line":32,"column":33},"end":{"line":44,"column":null}},"line":32},"2":{"name":"(anonymous_2)","decl":{"start":{"line":46,"column":12},"end":{"line":46,"column":18}},"loc":{"start":{"line":46,"column":18},"end":{"line":48,"column":5}},"line":46},"3":{"name":"(anonymous_3)","decl":{"start":{"line":50,"column":26},"end":{"line":50,"column":32}},"loc":{"start":{"line":50,"column":32},"end":{"line":52,"column":null}},"line":50},"4":{"name":"(anonymous_4)","decl":{"start":{"line":54,"column":26},"end":{"line":54,"column":32}},"loc":{"start":{"line":54,"column":32},"end":{"line":56,"column":null}},"line":54},"5":{"name":"(anonymous_5)","decl":{"start":{"line":58,"column":34},"end":{"line":58,"column":41}},"loc":{"start":{"line":58,"column":64},"end":{"line":69,"column":null}},"line":58},"6":{"name":"(anonymous_6)","decl":{"start":{"line":71,"column":52},"end":{"line":71,"column":53}},"loc":{"start":{"line":71,"column":65},"end":{"line":71,"column":90}},"line":71},"7":{"name":"(anonymous_7)","decl":{"start":{"line":153,"column":30},"end":{"line":153,"column":31}},"loc":{"start":{"line":153,"column":40},"end":{"line":246,"column":13}},"line":153},"8":{"name":"(anonymous_8)","decl":{"start":{"line":154,"column":42},"end":{"line":154,"column":43}},"loc":{"start":{"line":154,"column":49},"end":{"line":154,"column":74}},"line":154},"9":{"name":"(anonymous_9)","decl":{"start":{"line":189,"column":38},"end":{"line":189,"column":39}},"loc":{"start":{"line":189,"column":45},"end":{"line":189,"column":null}},"line":189},"10":{"name":"(anonymous_10)","decl":{"start":{"line":193,"column":37},"end":{"line":193,"column":43}},"loc":{"start":{"line":193,"column":43},"end":{"line":193,"column":null}},"line":193},"11":{"name":"(anonymous_11)","decl":{"start":{"line":206,"column":37},"end":{"line":206,"column":43}},"loc":{"start":{"line":206,"column":43},"end":{"line":209,"column":null}},"line":206}},"branchMap":{"0":{"loc":{"start":{"line":59,"column":4},"end":{"line":59,"column":null}},"type":"if","locations":[{"start":{"line":59,"column":4},"end":{"line":59,"column":null}},{"start":{},"end":{}}],"line":59},"1":{"loc":{"start":{"line":71,"column":31},"end":{"line":71,"column":null}},"type":"binary-expr","locations":[{"start":{"line":71,"column":31},"end":{"line":71,"column":96}},{"start":{"line":71,"column":96},"end":{"line":71,"column":null}}],"line":71},"2":{"loc":{"start":{"line":72,"column":30},"end":{"line":72,"column":null}},"type":"binary-expr","locations":[{"start":{"line":72,"column":30},"end":{"line":72,"column":62}},{"start":{"line":72,"column":62},"end":{"line":72,"column":null}}],"line":72},"3":{"loc":{"start":{"line":121,"column":13},"end":{"line":123,"column":null}},"type":"cond-expr","locations":[{"start":{"line":122,"column":16},"end":{"line":122,"column":null}},{"start":{"line":123,"column":16},"end":{"line":123,"column":null}}],"line":121},"4":{"loc":{"start":{"line":131,"column":14},"end":{"line":131,"column":null}},"type":"cond-expr","locations":[{"start":{"line":131,"column":37},"end":{"line":131,"column":58}},{"start":{"line":131,"column":58},"end":{"line":131,"column":null}}],"line":131},"5":{"loc":{"start":{"line":137,"column":13},"end":{"line":137,"column":null}},"type":"cond-expr","locations":[{"start":{"line":137,"column":36},"end":{"line":137,"column":53}},{"start":{"line":137,"column":53},"end":{"line":137,"column":null}}],"line":137},"6":{"loc":{"start":{"line":146,"column":9},"end":{"line":251,"column":null}},"type":"cond-expr","locations":[{"start":{"line":147,"column":10},"end":{"line":150,"column":null}},{"start":{"line":151,"column":12},"end":{"line":251,"column":null}}],"line":146},"7":{"loc":{"start":{"line":151,"column":12},"end":{"line":251,"column":null}},"type":"cond-expr","locations":[{"start":{"line":152,"column":10},"end":{"line":247,"column":null}},{"start":{"line":249,"column":10},"end":{"line":251,"column":null}}],"line":151},"8":{"loc":{"start":{"line":151,"column":12},"end":{"line":151,"column":null}},"type":"binary-expr","locations":[{"start":{"line":151,"column":12},"end":{"line":151,"column":29}},{"start":{"line":151,"column":29},"end":{"line":151,"column":null}}],"line":151},"9":{"loc":{"start":{"line":155,"column":14},"end":{"line":155,"column":null}},"type":"if","locations":[{"start":{"line":155,"column":14},"end":{"line":155,"column":null}},{"start":{},"end":{}}],"line":155},"10":{"loc":{"start":{"line":158,"column":16},"end":{"line":162,"column":null}},"type":"cond-expr","locations":[{"start":{"line":159,"column":20},"end":{"line":159,"column":null}},{"start":{"line":160,"column":20},"end":{"line":162,"column":null}}],"line":158},"11":{"loc":{"start":{"line":160,"column":20},"end":{"line":162,"column":null}},"type":"cond-expr","locations":[{"start":{"line":161,"column":20},"end":{"line":161,"column":null}},{"start":{"line":162,"column":20},"end":{"line":162,"column":null}}],"line":160},"12":{"loc":{"start":{"line":164,"column":29},"end":{"line":164,"column":null}},"type":"binary-expr","locations":[{"start":{"line":164,"column":29},"end":{"line":164,"column":73}},{"start":{"line":164,"column":73},"end":{"line":164,"column":null}}],"line":164},"13":{"loc":{"start":{"line":176,"column":50},"end":{"line":176,"column":73}},"type":"binary-expr","locations":[{"start":{"line":176,"column":50},"end":{"line":176,"column":63}},{"start":{"line":176,"column":63},"end":{"line":176,"column":73}}],"line":176},"14":{"loc":{"start":{"line":182,"column":23},"end":{"line":214,"column":null}},"type":"cond-expr","locations":[{"start":{"line":183,"column":24},"end":{"line":198,"column":null}},{"start":{"line":200,"column":24},"end":{"line":214,"column":null}}],"line":182},"15":{"loc":{"start":{"line":189,"column":60},"end":{"line":189,"column":91}},"type":"binary-expr","locations":[{"start":{"line":189,"column":60},"end":{"line":189,"column":90}},{"start":{"line":189,"column":90},"end":{"line":189,"column":91}}],"line":189},"16":{"loc":{"start":{"line":219,"column":26},"end":{"line":221,"column":null}},"type":"cond-expr","locations":[{"start":{"line":220,"column":30},"end":{"line":220,"column":null}},{"start":{"line":221,"column":30},"end":{"line":221,"column":null}}],"line":219},"17":{"loc":{"start":{"line":224,"column":25},"end":{"line":226,"column":null}},"type":"cond-expr","locations":[{"start":{"line":225,"column":28},"end":{"line":225,"column":null}},{"start":{"line":226,"column":28},"end":{"line":226,"column":null}}],"line":224},"18":{"loc":{"start":{"line":235,"column":24},"end":{"line":239,"column":null}},"type":"cond-expr","locations":[{"start":{"line":236,"column":28},"end":{"line":236,"column":null}},{"start":{"line":237,"column":28},"end":{"line":239,"column":null}}],"line":235},"19":{"loc":{"start":{"line":237,"column":28},"end":{"line":239,"column":null}},"type":"cond-expr","locations":[{"start":{"line":238,"column":28},"end":{"line":238,"column":null}},{"start":{"line":239,"column":28},"end":{"line":239,"column":null}}],"line":237}},"s":{"0":0,"1":0,"2":0,"3":0,"4":0,"5":0,"6":0,"7":0,"8":0,"9":0,"10":0,"11":0,"12":0,"13":0,"14":0,"15":0,"16":0,"17":0,"18":0,"19":0,"20":0,"21":0,"22":0,"23":0,"24":0,"25":0,"26":0,"27":0,"28":0,"29":0,"30":0,"31":0,"32":0,"33":0,"34":0,"35":0,"36":0,"37":0,"38":0,"39":0,"40":0,"41":0,"42":0,"43":0,"44":0,"45":0,"46":0,"47":0},"f":{"0":0,"1":0,"2":0,"3":0,"4":0,"5":0,"6":0,"7":0,"8":0,"9":0,"10":0,"11":0},"b":{"0":[0,0],"1":[0,0],"2":[0,0],"3":[0,0],"4":[0,0],"5":[0,0],"6":[0,0],"7":[0,0],"8":[0,0],"9":[0,0],"10":[0,0],"11":[0,0],"12":[0,0],"13":[0,0],"14":[0,0],"15":[0,0],"16":[0,0],"17":[0,0],"18":[0,0],"19":[0,0]},"meta":{"lastBranch":20,"lastFunction":12,"lastStatement":48,"seen":{"s:20:59:256:Infinity":0,"f:20:59:20:60":0,"s:21:36:21:Infinity":1,"s:22:26:22:Infinity":2,"s:23:32:23:Infinity":3,"s:24:44:24:Infinity":4,"s:25:36:25:Infinity":5,"s:27:15:27:Infinity":6,"s:28:16:28:Infinity":7,"s:30:20:30:Infinity":8,"s:32:21:44:Infinity":9,"f:32:21:32:33":1,"s:33:4:33:Infinity":10,"s:34:4:43:Infinity":11,"s:35:19:35:Infinity":12,"s:36:6:36:Infinity":13,"s:39:19:39:Infinity":14,"s:40:6:40:Infinity":15,"s:42:6:42:Infinity":16,"s:46:2:48:Infinity":17,"f:46:12:46:18":2,"s:47:4:47:Infinity":18,"s:50:26:52:Infinity":19,"f:50:26:50:32":3,"s:51:4:51:Infinity":20,"s:54:26:56:Infinity":21,"f:54:26:54:32":4,"s:55:4:55:Infinity":22,"s:58:34:69:Infinity":23,"f:58:34:58:41":5,"b:59:4:59:Infinity:undefined:undefined:undefined:undefined":0,"s:59:4:59:Infinity":24,"s:59:17:59:Infinity":25,"s:60:4:68:Infinity":26,"s:61:22:63:Infinity":27,"s:64:6:64:Infinity":28,"s:65:6:65:Infinity":29,"s:67:6:67:Infinity":30,"s:71:31:71:Infinity":31,"b:71:31:71:96:71:96:71:Infinity":1,"f:71:52:71:53":6,"s:71:65:71:90":32,"s:72:30:72:Infinity":33,"b:72:30:72:62:72:62:72:Infinity":2,"s:73:26:73:Infinity":34,"s:75:2:254:Infinity":35,"b:122:16:122:Infinity:123:16:123:Infinity":3,"b:131:37:131:58:131:58:131:Infinity":4,"b:137:36:137:53:137:53:137:Infinity":5,"b:147:10:150:Infinity:151:12:251:Infinity":6,"b:152:10:247:Infinity:249:10:251:Infinity":7,"b:151:12:151:29:151:29:151:Infinity":8,"f:153:30:153:31":7,"s:154:26:154:Infinity":36,"f:154:42:154:43":8,"s:154:49:154:74":37,"b:155:14:155:Infinity:undefined:undefined:undefined:undefined":9,"s:155:14:155:Infinity":38,"s:155:24:155:Infinity":39,"s:158:16:162:Infinity":40,"b:159:20:159:Infinity:160:20:162:Infinity":10,"b:161:20:161:Infinity:162:20:162:Infinity":11,"s:164:29:164:Infinity":41,"b:164:29:164:73:164:73:164:Infinity":12,"s:165:32:165:Infinity":42,"s:167:14:244:Infinity":43,"b:176:50:176:63:176:63:176:73":13,"b:183:24:198:Infinity:200:24:214:Infinity":14,"f:189:38:189:39":9,"s:189:45:189:Infinity":44,"b:189:60:189:90:189:90:189:91":15,"f:193:37:193:43":10,"s:193:43:193:Infinity":45,"f:206:37:206:43":11,"s:207:30:207:Infinity":46,"s:208:30:208:Infinity":47,"b:220:30:220:Infinity:221:30:221:Infinity":16,"b:225:28:225:Infinity:226:28:226:Infinity":17,"b:236:28:236:Infinity:237:28:239:Infinity":18,"b:238:28:238:Infinity:239:28:239:Infinity":19},"fnNames":{}}}
,"P:\\github.com\\michaelsanford\\Folio\\frontend\\src\\components\\dashboard\\DashboardView.tsx": {"path":"P:\\github.com\\michaelsanford\\Folio\\frontend\\src\\components\\dashboard\\DashboardView.tsx","statementMap":{"0":{"start":{"line":21,"column":59},"end":{"line":366,"column":null}},"1":{"start":{"line":26,"column":2},"end":{"line":33,"column":null}},"2":{"start":{"line":27,"column":4},"end":{"line":31,"column":null}},"3":{"start":{"line":35,"column":78},"end":{"line":35,"column":null}},"4":{"start":{"line":38,"column":24},"end":{"line":73,"column":null}},"5":{"start":{"line":44,"column":8},"end":{"line":46,"column":null}},"6":{"start":{"line":45,"column":10},"end":{"line":45,"column":null}},"7":{"start":{"line":47,"column":8},"end":{"line":47,"column":null}},"8":{"start":{"line":55,"column":39},"end":{"line":55,"column":56}},"9":{"start":{"line":56,"column":40},"end":{"line":60,"column":10}},"10":{"start":{"line":76,"column":26},"end":{"line":137,"column":null}},"11":{"start":{"line":84,"column":21},"end":{"line":84,"column":null}},"12":{"start":{"line":85,"column":8},"end":{"line":85,"column":null}},"13":{"start":{"line":85,"column":19},"end":{"line":85,"column":null}},"14":{"start":{"line":86,"column":8},"end":{"line":86,"column":null}},"15":{"start":{"line":98,"column":41},"end":{"line":98,"column":47}},"16":{"start":{"line":110,"column":36},"end":{"line":110,"column":null}},"17":{"start":{"line":119,"column":43},"end":{"line":119,"column":54}},"18":{"start":{"line":139,"column":2},"end":{"line":364,"column":null}},"19":{"start":{"line":242,"column":31},"end":{"line":242,"column":null}},"20":{"start":{"line":259,"column":16},"end":{"line":284,"column":null}},"21":{"start":{"line":316,"column":29},"end":{"line":316,"column":null}},"22":{"start":{"line":325,"column":14},"end":{"line":359,"column":null}}},"fnMap":{"0":{"name":"(anonymous_0)","decl":{"start":{"line":21,"column":59},"end":{"line":21,"column":60}},"loc":{"start":{"line":25,"column":6},"end":{"line":366,"column":null}},"line":25},"1":{"name":"(anonymous_1)","decl":{"start":{"line":43,"column":17},"end":{"line":43,"column":18}},"loc":{"start":{"line":43,"column":34},"end":{"line":48,"column":null}},"line":43},"2":{"name":"(anonymous_2)","decl":{"start":{"line":55,"column":31},"end":{"line":55,"column":32}},"loc":{"start":{"line":55,"column":39},"end":{"line":55,"column":56}},"line":55},"3":{"name":"(anonymous_3)","decl":{"start":{"line":56,"column":32},"end":{"line":56,"column":33}},"loc":{"start":{"line":56,"column":40},"end":{"line":60,"column":10}},"line":56},"4":{"name":"(anonymous_4)","decl":{"start":{"line":83,"column":17},"end":{"line":83,"column":18}},"loc":{"start":{"line":83,"column":36},"end":{"line":87,"column":null}},"line":83},"5":{"name":"(anonymous_5)","decl":{"start":{"line":98,"column":34},"end":{"line":98,"column":35}},"loc":{"start":{"line":98,"column":41},"end":{"line":98,"column":47}},"line":98},"6":{"name":"(anonymous_6)","decl":{"start":{"line":110,"column":19},"end":{"line":110,"column":20}},"loc":{"start":{"line":110,"column":36},"end":{"line":110,"column":null}},"line":110},"7":{"name":"(anonymous_7)","decl":{"start":{"line":119,"column":36},"end":{"line":119,"column":37}},"loc":{"start":{"line":119,"column":43},"end":{"line":119,"column":54}},"line":119},"8":{"name":"(anonymous_8)","decl":{"start":{"line":242,"column":25},"end":{"line":242,"column":31}},"loc":{"start":{"line":242,"column":31},"end":{"line":242,"column":null}},"line":242},"9":{"name":"(anonymous_9)","decl":{"start":{"line":258,"column":36},"end":{"line":258,"column":37}},"loc":{"start":{"line":259,"column":16},"end":{"line":284,"column":null}},"line":259},"10":{"name":"(anonymous_10)","decl":{"start":{"line":316,"column":23},"end":{"line":316,"column":29}},"loc":{"start":{"line":316,"column":29},"end":{"line":316,"column":null}},"line":316},"11":{"name":"(anonymous_11)","decl":{"start":{"line":324,"column":26},"end":{"line":324,"column":27}},"loc":{"start":{"line":325,"column":14},"end":{"line":359,"column":null}},"line":325}},"branchMap":{"0":{"loc":{"start":{"line":26,"column":2},"end":{"line":33,"column":null}},"type":"if","locations":[{"start":{"line":26,"column":2},"end":{"line":33,"column":null}},{"start":{},"end":{}}],"line":26},"1":{"loc":{"start":{"line":44,"column":8},"end":{"line":46,"column":null}},"type":"if","locations":[{"start":{"line":44,"column":8},"end":{"line":46,"column":null}},{"start":{},"end":{}}],"line":44},"2":{"loc":{"start":{"line":47,"column":45},"end":{"line":47,"column":62}},"type":"binary-expr","locations":[{"start":{"line":47,"column":45},"end":{"line":47,"column":61}},{"start":{"line":47,"column":61},"end":{"line":47,"column":62}}],"line":47},"3":{"loc":{"start":{"line":57,"column":18},"end":{"line":57,"column":null}},"type":"binary-expr","locations":[{"start":{"line":57,"column":18},"end":{"line":57,"column":50}},{"start":{"line":57,"column":50},"end":{"line":57,"column":null}}],"line":57},"4":{"loc":{"start":{"line":58,"column":18},"end":{"line":58,"column":null}},"type":"binary-expr","locations":[{"start":{"line":58,"column":18},"end":{"line":58,"column":50}},{"start":{"line":58,"column":50},"end":{"line":58,"column":null}}],"line":58},"5":{"loc":{"start":{"line":85,"column":8},"end":{"line":85,"column":null}},"type":"if","locations":[{"start":{"line":85,"column":8},"end":{"line":85,"column":null}},{"start":{},"end":{}}],"line":85},"6":{"loc":{"start":{"line":230,"column":11},"end":{"line":247,"column":null}},"type":"cond-expr","locations":[{"start":{"line":231,"column":12},"end":{"line":237,"column":null}},{"start":{"line":239,"column":12},"end":{"line":247,"column":null}}],"line":230},"7":{"loc":{"start":{"line":257,"column":13},"end":{"line":289,"column":null}},"type":"cond-expr","locations":[{"start":{"line":258,"column":14},"end":{"line":285,"column":null}},{"start":{"line":287,"column":14},"end":{"line":289,"column":null}}],"line":257},"8":{"loc":{"start":{"line":331,"column":21},"end":{"line":336,"column":null}},"type":"cond-expr","locations":[{"start":{"line":332,"column":22},"end":{"line":332,"column":null}},{"start":{"line":333,"column":24},"end":{"line":336,"column":null}}],"line":331},"9":{"loc":{"start":{"line":333,"column":24},"end":{"line":336,"column":null}},"type":"cond-expr","locations":[{"start":{"line":334,"column":22},"end":{"line":334,"column":null}},{"start":{"line":336,"column":22},"end":{"line":336,"column":null}}],"line":333},"10":{"loc":{"start":{"line":333,"column":24},"end":{"line":333,"column":null}},"type":"binary-expr","locations":[{"start":{"line":333,"column":24},"end":{"line":333,"column":57}},{"start":{"line":333,"column":57},"end":{"line":333,"column":null}}],"line":333},"11":{"loc":{"start":{"line":342,"column":41},"end":{"line":342,"column":null}},"type":"cond-expr","locations":[{"start":{"line":342,"column":67},"end":{"line":342,"column":100}},{"start":{"line":342,"column":100},"end":{"line":342,"column":null}}],"line":342},"12":{"loc":{"start":{"line":350,"column":22},"end":{"line":350,"column":null}},"type":"cond-expr","locations":[{"start":{"line":350,"column":49},"end":{"line":350,"column":70}},{"start":{"line":350,"column":70},"end":{"line":350,"column":null}}],"line":350},"13":{"loc":{"start":{"line":355,"column":19},"end":{"line":357,"column":null}},"type":"cond-expr","locations":[{"start":{"line":356,"column":20},"end":{"line":356,"column":null}},{"start":{"line":357,"column":22},"end":{"line":357,"column":null}}],"line":355}},"s":{"0":0,"1":0,"2":0,"3":0,"4":0,"5":0,"6":0,"7":0,"8":0,"9":0,"10":0,"11":0,"12":0,"13":0,"14":0,"15":0,"16":0,"17":0,"18":0,"19":0,"20":0,"21":0,"22":0},"f":{"0":0,"1":0,"2":0,"3":0,"4":0,"5":0,"6":0,"7":0,"8":0,"9":0,"10":0,"11":0},"b":{"0":[0,0],"1":[0,0],"2":[0,0],"3":[0,0],"4":[0,0],"5":[0,0],"6":[0,0],"7":[0,0],"8":[0,0],"9":[0,0],"10":[0,0],"11":[0,0],"12":[0,0],"13":[0,0]},"meta":{"lastBranch":14,"lastFunction":12,"lastStatement":23,"seen":{"s:21:59:366:Infinity":0,"f:21:59:21:60":0,"b:26:2:33:Infinity:undefined:undefined:undefined:undefined":0,"s:26:2:33:Infinity":1,"s:27:4:31:Infinity":2,"s:35:78:35:Infinity":3,"s:38:24:73:Infinity":4,"f:43:17:43:18":1,"b:44:8:46:Infinity:undefined:undefined:undefined:undefined":1,"s:44:8:46:Infinity":5,"s:45:10:45:Infinity":6,"s:47:8:47:Infinity":7,"b:47:45:47:61:47:61:47:62":2,"f:55:31:55:32":2,"s:55:39:55:56":8,"f:56:32:56:33":3,"s:56:40:60:10":9,"b:57:18:57:50:57:50:57:Infinity":3,"b:58:18:58:50:58:50:58:Infinity":4,"s:76:26:137:Infinity":10,"f:83:17:83:18":4,"s:84:21:84:Infinity":11,"b:85:8:85:Infinity:undefined:undefined:undefined:undefined":5,"s:85:8:85:Infinity":12,"s:85:19:85:Infinity":13,"s:86:8:86:Infinity":14,"f:98:34:98:35":5,"s:98:41:98:47":15,"f:110:19:110:20":6,"s:110:36:110:Infinity":16,"f:119:36:119:37":7,"s:119:43:119:54":17,"s:139:2:364:Infinity":18,"b:231:12:237:Infinity:239:12:247:Infinity":6,"f:242:25:242:31":8,"s:242:31:242:Infinity":19,"b:258:14:285:Infinity:287:14:289:Infinity":7,"f:258:36:258:37":9,"s:259:16:284:Infinity":20,"f:316:23:316:29":10,"s:316:29:316:Infinity":21,"f:324:26:324:27":11,"s:325:14:359:Infinity":22,"b:332:22:332:Infinity:333:24:336:Infinity":8,"b:334:22:334:Infinity:336:22:336:Infinity":9,"b:333:24:333:57:333:57:333:Infinity":10,"b:342:67:342:100:342:100:342:Infinity":11,"b:350:49:350:70:350:70:350:Infinity":12,"b:356:20:356:Infinity:357:22:357:Infinity":13},"fnNames":{}}}
,"P:\\github.com\\michaelsanford\\Folio\\frontend\\src\\components\\ingestion\\IngestionWorkspace.tsx": {"path":"P:\\github.com\\michaelsanford\\Folio\\frontend\\src\\components\\ingestion\\IngestionWorkspace.tsx","statementMap":{"0":{"start":{"line":21,"column":69},"end":{"line":477,"column":null}},"1":{"start":{"line":26,"column":48},"end":{"line":28,"column":null}},"2":{"start":{"line":29,"column":34},"end":{"line":29,"column":null}},"3":{"start":{"line":30,"column":32},"end":{"line":30,"column":null}},"4":{"start":{"line":31,"column":38},"end":{"line":31,"column":null}},"5":{"start":{"line":32,"column":28},"end":{"line":32,"column":null}},"6":{"start":{"line":33,"column":42},"end":{"line":33,"column":null}},"7":{"start":{"line":34,"column":40},"end":{"line":34,"column":null}},"8":{"start":{"line":35,"column":42},"end":{"line":35,"column":null}},"9":{"start":{"line":36,"column":8},"end":{"line":36,"column":null}},"10":{"start":{"line":38,"column":24},"end":{"line":38,"column":null}},"11":{"start":{"line":38,"column":45},"end":{"line":38,"column":71}},"12":{"start":{"line":40,"column":27},"end":{"line":72,"column":null}},"13":{"start":{"line":41,"column":4},"end":{"line":44,"column":null}},"14":{"start":{"line":42,"column":6},"end":{"line":42,"column":null}},"15":{"start":{"line":43,"column":6},"end":{"line":43,"column":null}},"16":{"start":{"line":46,"column":4},"end":{"line":46,"column":null}},"17":{"start":{"line":47,"column":4},"end":{"line":47,"column":null}},"18":{"start":{"line":48,"column":4},"end":{"line":71,"column":null}},"19":{"start":{"line":49,"column":19},"end":{"line":49,"column":null}},"20":{"start":{"line":50,"column":6},"end":{"line":50,"column":null}},"21":{"start":{"line":53,"column":30},"end":{"line":53,"column":null}},"22":{"start":{"line":54,"column":54},"end":{"line":54,"column":null}},"23":{"start":{"line":56,"column":6},"end":{"line":63,"column":null}},"24":{"start":{"line":57,"column":8},"end":{"line":59,"column":null}},"25":{"start":{"line":58,"column":10},"end":{"line":58,"column":null}},"26":{"start":{"line":60,"column":8},"end":{"line":62,"column":null}},"27":{"start":{"line":61,"column":10},"end":{"line":61,"column":null}},"28":{"start":{"line":65,"column":6},"end":{"line":65,"column":null}},"29":{"start":{"line":66,"column":6},"end":{"line":66,"column":null}},"30":{"start":{"line":68,"column":6},"end":{"line":68,"column":null}},"31":{"start":{"line":70,"column":6},"end":{"line":70,"column":null}},"32":{"start":{"line":74,"column":25},"end":{"line":77,"column":null}},"33":{"start":{"line":75,"column":4},"end":{"line":75,"column":null}},"34":{"start":{"line":76,"column":4},"end":{"line":76,"column":null}},"35":{"start":{"line":79,"column":26},"end":{"line":81,"column":null}},"36":{"start":{"line":80,"column":4},"end":{"line":80,"column":null}},"37":{"start":{"line":83,"column":21},"end":{"line":89,"column":null}},"38":{"start":{"line":84,"column":4},"end":{"line":84,"column":null}},"39":{"start":{"line":85,"column":4},"end":{"line":85,"column":null}},"40":{"start":{"line":86,"column":4},"end":{"line":88,"column":null}},"41":{"start":{"line":87,"column":6},"end":{"line":87,"column":null}},"42":{"start":{"line":91,"column":32},"end":{"line":98,"column":null}},"43":{"start":{"line":92,"column":4},"end":{"line":92,"column":null}},"44":{"start":{"line":92,"column":18},"end":{"line":92,"column":null}},"45":{"start":{"line":93,"column":4},"end":{"line":97,"column":null}},"46":{"start":{"line":94,"column":6},"end":{"line":94,"column":null}},"47":{"start":{"line":96,"column":6},"end":{"line":96,"column":null}},"48":{"start":{"line":96,"column":57},"end":{"line":96,"column":70}},"49":{"start":{"line":100,"column":27},"end":{"line":108,"column":null}},"50":{"start":{"line":101,"column":17},"end":{"line":101,"column":null}},"51":{"start":{"line":102,"column":4},"end":{"line":106,"column":null}},"52":{"start":{"line":103,"column":6},"end":{"line":103,"column":null}},"53":{"start":{"line":105,"column":6},"end":{"line":105,"column":null}},"54":{"start":{"line":107,"column":4},"end":{"line":107,"column":null}},"55":{"start":{"line":110,"column":31},"end":{"line":115,"column":null}},"56":{"start":{"line":111,"column":4},"end":{"line":114,"column":null}},"57":{"start":{"line":111,"column":32},"end":{"line":114,"column":6}},"58":{"start":{"line":117,"column":23},"end":{"line":150,"column":null}},"59":{"start":{"line":118,"column":4},"end":{"line":118,"column":null}},"60":{"start":{"line":118,"column":47},"end":{"line":118,"column":null}},"61":{"start":{"line":120,"column":4},"end":{"line":120,"column":null}},"62":{"start":{"line":121,"column":4},"end":{"line":149,"column":null}},"63":{"start":{"line":122,"column":28},"end":{"line":131,"column":null}},"64":{"start":{"line":123,"column":26},"end":{"line":123,"column":62}},"65":{"start":{"line":124,"column":24},"end":{"line":131,"column":10}},"66":{"start":{"line":133,"column":18},"end":{"line":137,"column":null}},"67":{"start":{"line":139,"column":6},"end":{"line":141,"column":null}},"68":{"start":{"line":142,"column":6},"end":{"line":142,"column":null}},"69":{"start":{"line":143,"column":6},"end":{"line":143,"column":null}},"70":{"start":{"line":144,"column":6},"end":{"line":144,"column":null}},"71":{"start":{"line":146,"column":6},"end":{"line":146,"column":null}},"72":{"start":{"line":148,"column":6},"end":{"line":148,"column":null}},"73":{"start":{"line":152,"column":2},"end":{"line":475,"column":null}},"74":{"start":{"line":167,"column":29},"end":{"line":167,"column":null}},"75":{"start":{"line":171,"column":14},"end":{"line":173,"column":null}},"76":{"start":{"line":187,"column":27},"end":{"line":187,"column":null}},"77":{"start":{"line":201,"column":25},"end":{"line":201,"column":null}},"78":{"start":{"line":214,"column":14},"end":{"line":216,"column":null}},"79":{"start":{"line":215,"column":16},"end":{"line":215,"column":null}},"80":{"start":{"line":277,"column":31},"end":{"line":277,"column":null}},"81":{"start":{"line":305,"column":34},"end":{"line":305,"column":null}},"82":{"start":{"line":306,"column":36},"end":{"line":306,"column":null}},"83":{"start":{"line":308,"column":16},"end":{"line":373,"column":null}},"84":{"start":{"line":322,"column":38},"end":{"line":322,"column":null}},"85":{"start":{"line":351,"column":43},"end":{"line":351,"column":null}},"86":{"start":{"line":356,"column":28},"end":{"line":358,"column":null}},"87":{"start":{"line":401,"column":38},"end":{"line":401,"column":null}},"88":{"start":{"line":402,"column":40},"end":{"line":402,"column":null}},"89":{"start":{"line":404,"column":20},"end":{"line":466,"column":null}},"90":{"start":{"line":419,"column":44},"end":{"line":419,"column":null}},"91":{"start":{"line":435,"column":45},"end":{"line":435,"column":null}},"92":{"start":{"line":440,"column":30},"end":{"line":442,"column":null}}},"fnMap":{"0":{"name":"(anonymous_0)","decl":{"start":{"line":21,"column":69},"end":{"line":21,"column":70}},"loc":{"start":{"line":25,"column":6},"end":{"line":477,"column":null}},"line":25},"1":{"name":"(anonymous_1)","decl":{"start":{"line":38,"column":38},"end":{"line":38,"column":39}},"loc":{"start":{"line":38,"column":45},"end":{"line":38,"column":71}},"line":38},"2":{"name":"(anonymous_2)","decl":{"start":{"line":40,"column":27},"end":{"line":40,"column":34}},"loc":{"start":{"line":40,"column":49},"end":{"line":72,"column":null}},"line":40},"3":{"name":"(anonymous_3)","decl":{"start":{"line":56,"column":25},"end":{"line":56,"column":26}},"loc":{"start":{"line":56,"column":35},"end":{"line":63,"column":7}},"line":56},"4":{"name":"(anonymous_4)","decl":{"start":{"line":74,"column":25},"end":{"line":74,"column":26}},"loc":{"start":{"line":74,"column":49},"end":{"line":77,"column":null}},"line":74},"5":{"name":"(anonymous_5)","decl":{"start":{"line":79,"column":26},"end":{"line":79,"column":32}},"loc":{"start":{"line":79,"column":32},"end":{"line":81,"column":null}},"line":79},"6":{"name":"(anonymous_6)","decl":{"start":{"line":83,"column":21},"end":{"line":83,"column":22}},"loc":{"start":{"line":83,"column":45},"end":{"line":89,"column":null}},"line":83},"7":{"name":"(anonymous_7)","decl":{"start":{"line":91,"column":32},"end":{"line":91,"column":38}},"loc":{"start":{"line":91,"column":38},"end":{"line":98,"column":null}},"line":91},"8":{"name":"(anonymous_8)","decl":{"start":{"line":96,"column":50},"end":{"line":96,"column":51}},"loc":{"start":{"line":96,"column":57},"end":{"line":96,"column":70}},"line":96},"9":{"name":"(anonymous_9)","decl":{"start":{"line":100,"column":27},"end":{"line":100,"column":28}},"loc":{"start":{"line":100,"column":45},"end":{"line":108,"column":null}},"line":100},"10":{"name":"(anonymous_10)","decl":{"start":{"line":110,"column":31},"end":{"line":110,"column":32}},"loc":{"start":{"line":110,"column":69},"end":{"line":115,"column":null}},"line":110},"11":{"name":"(anonymous_11)","decl":{"start":{"line":111,"column":21},"end":{"line":111,"column":22}},"loc":{"start":{"line":111,"column":32},"end":{"line":114,"column":6}},"line":111},"12":{"name":"(anonymous_12)","decl":{"start":{"line":117,"column":23},"end":{"line":117,"column":35}},"loc":{"start":{"line":117,"column":35},"end":{"line":150,"column":null}},"line":117},"13":{"name":"(anonymous_13)","decl":{"start":{"line":123,"column":16},"end":{"line":123,"column":17}},"loc":{"start":{"line":123,"column":26},"end":{"line":123,"column":62}},"line":123},"14":{"name":"(anonymous_14)","decl":{"start":{"line":124,"column":13},"end":{"line":124,"column":14}},"loc":{"start":{"line":124,"column":24},"end":{"line":131,"column":10}},"line":124},"15":{"name":"(anonymous_15)","decl":{"start":{"line":167,"column":22},"end":{"line":167,"column":23}},"loc":{"start":{"line":167,"column":29},"end":{"line":167,"column":null}},"line":167},"16":{"name":"(anonymous_16)","decl":{"start":{"line":170,"column":26},"end":{"line":170,"column":27}},"loc":{"start":{"line":171,"column":14},"end":{"line":173,"column":null}},"line":171},"17":{"name":"(anonymous_17)","decl":{"start":{"line":187,"column":21},"end":{"line":187,"column":27}},"loc":{"start":{"line":187,"column":27},"end":{"line":187,"column":null}},"line":187},"18":{"name":"(anonymous_18)","decl":{"start":{"line":201,"column":19},"end":{"line":201,"column":25}},"loc":{"start":{"line":201,"column":25},"end":{"line":201,"column":null}},"line":201},"19":{"name":"(anonymous_19)","decl":{"start":{"line":213,"column":22},"end":{"line":213,"column":23}},"loc":{"start":{"line":213,"column":29},"end":{"line":217,"column":null}},"line":213},"20":{"name":"(anonymous_20)","decl":{"start":{"line":277,"column":25},"end":{"line":277,"column":31}},"loc":{"start":{"line":277,"column":31},"end":{"line":277,"column":null}},"line":277},"21":{"name":"(anonymous_21)","decl":{"start":{"line":304,"column":33},"end":{"line":304,"column":34}},"loc":{"start":{"line":304,"column":43},"end":{"line":375,"column":15}},"line":304},"22":{"name":"(anonymous_22)","decl":{"start":{"line":322,"column":32},"end":{"line":322,"column":38}},"loc":{"start":{"line":322,"column":38},"end":{"line":322,"column":null}},"line":322},"23":{"name":"(anonymous_23)","decl":{"start":{"line":351,"column":36},"end":{"line":351,"column":37}},"loc":{"start":{"line":351,"column":43},"end":{"line":351,"column":null}},"line":351},"24":{"name":"(anonymous_24)","decl":{"start":{"line":355,"column":42},"end":{"line":355,"column":43}},"loc":{"start":{"line":356,"column":28},"end":{"line":358,"column":null}},"line":356},"25":{"name":"(anonymous_25)","decl":{"start":{"line":400,"column":37},"end":{"line":400,"column":38}},"loc":{"start":{"line":400,"column":47},"end":{"line":468,"column":19}},"line":400},"26":{"name":"(anonymous_26)","decl":{"start":{"line":419,"column":38},"end":{"line":419,"column":44}},"loc":{"start":{"line":419,"column":44},"end":{"line":419,"column":null}},"line":419},"27":{"name":"(anonymous_27)","decl":{"start":{"line":435,"column":38},"end":{"line":435,"column":39}},"loc":{"start":{"line":435,"column":45},"end":{"line":435,"column":null}},"line":435},"28":{"name":"(anonymous_28)","decl":{"start":{"line":439,"column":44},"end":{"line":439,"column":45}},"loc":{"start":{"line":440,"column":30},"end":{"line":442,"column":null}},"line":440}},"branchMap":{"0":{"loc":{"start":{"line":27,"column":4},"end":{"line":27,"column":null}},"type":"binary-expr","locations":[{"start":{"line":27,"column":4},"end":{"line":27,"column":23}},{"start":{"line":27,"column":23},"end":{"line":27,"column":null}}],"line":27},"1":{"loc":{"start":{"line":41,"column":4},"end":{"line":44,"column":null}},"type":"if","locations":[{"start":{"line":41,"column":4},"end":{"line":44,"column":null}},{"start":{},"end":{}}],"line":41},"2":{"loc":{"start":{"line":57,"column":8},"end":{"line":59,"column":null}},"type":"if","locations":[{"start":{"line":57,"column":8},"end":{"line":59,"column":null}},{"start":{},"end":{}}],"line":57},"3":{"loc":{"start":{"line":60,"column":8},"end":{"line":62,"column":null}},"type":"if","locations":[{"start":{"line":60,"column":8},"end":{"line":62,"column":null}},{"start":{},"end":{}}],"line":60},"4":{"loc":{"start":{"line":86,"column":4},"end":{"line":
[...]
line":218,"column":4},"end":{"line":218,"column":null}},"82":{"start":{"line":220,"column":4},"end":{"line":230,"column":null}},"83":{"start":{"line":232,"column":4},"end":{"line":234,"column":null}},"84":{"start":{"line":238,"column":21},"end":{"line":238,"column":null}},"85":{"start":{"line":239,"column":4},"end":{"line":239,"column":null}},"86":{"start":{"line":240,"column":4},"end":{"line":240,"column":null}},"87":{"start":{"line":242,"column":18},"end":{"line":242,"column":null}},"88":{"start":{"line":243,"column":47},"end":{"line":245,"column":null}},"89":{"start":{"line":247,"column":16},"end":{"line":251,"column":null}},"90":{"start":{"line":253,"column":4},"end":{"line":256,"column":null}},"91":{"start":{"line":254,"column":18},"end":{"line":254,"column":null}},"92":{"start":{"line":254,"column":48},"end":{"line":254,"column":76}},"93":{"start":{"line":255,"column":6},"end":{"line":255,"column":null}},"94":{"start":{"line":258,"column":4},"end":{"line":258,"column":null}},"95":{"start":{"line":261,"column":4},"end":{"line":268,"column":null}},"96":{"start":{"line":272,"column":4},"end":{"line":272,"column":null}},"97":{"start":{"line":278,"column":4},"end":{"line":281,"column":null}},"98":{"start":{"line":285,"column":4},"end":{"line":285,"column":null}}},"fnMap":{"0":{"name":"setOnUnauthorized","decl":{"start":{"line":20,"column":16},"end":{"line":20,"column":34}},"loc":{"start":{"line":20,"column":56},"end":{"line":22,"column":null}},"line":20},"1":{"name":"getStoredToken","decl":{"start":{"line":24,"column":16},"end":{"line":24,"column":48}},"loc":{"start":{"line":24,"column":48},"end":{"line":30,"column":null}},"line":24},"2":{"name":"setStoredToken","decl":{"start":{"line":32,"column":16},"end":{"line":32,"column":31}},"loc":{"start":{"line":32,"column":53},"end":{"line":42,"column":null}},"line":32},"3":{"name":"request","decl":{"start":{"line":44,"column":15},"end":{"line":44,"column":26}},"loc":{"start":{"line":44,"column":75},"end":{"line":87,"column":null}},"line":44},"4":{"name":"(anonymous_4)","decl":{"start":{"line":92,"column":15},"end":{"line":92,"column":null}},"loc":{"start":{"line":93,"column":6},"end":{"line":93,"column":null}},"line":93},"5":{"name":"(anonymous_5)","decl":{"start":{"line":94,"column":11},"end":{"line":94,"column":18}},"loc":{"start":{"line":94,"column":39},"end":{"line":101,"column":null}},"line":94},"6":{"name":"(anonymous_6)","decl":{"start":{"line":102,"column":12},"end":{"line":102,"column":24}},"loc":{"start":{"line":102,"column":24},"end":{"line":108,"column":null}},"line":102},"7":{"name":"(anonymous_7)","decl":{"start":{"line":109,"column":11},"end":{"line":109,"column":12}},"loc":{"start":{"line":110,"column":6},"end":{"line":113,"column":null}},"line":110},"8":{"name":"(anonymous_8)","decl":{"start":{"line":117,"column":15},"end":{"line":117,"column":16}},"loc":{"start":{"line":117,"column":39},"end":{"line":120,"column":null}},"line":117},"9":{"name":"(anonymous_9)","decl":{"start":{"line":121,"column":17},"end":{"line":121,"column":18}},"loc":{"start":{"line":122,"column":4},"end":{"line":125,"column":null}},"line":122},"10":{"name":"(anonymous_10)","decl":{"start":{"line":126,"column":17},"end":{"line":126,"column":18}},"loc":{"start":{"line":127,"column":4},"end":{"line":130,"column":null}},"line":127},"11":{"name":"(anonymous_11)","decl":{"start":{"line":131,"column":17},"end":{"line":131,"column":18}},"loc":{"start":{"line":132,"column":4},"end":{"line":132,"column":null}},"line":132},"12":{"name":"(anonymous_12)","decl":{"start":{"line":133,"column":19},"end":{"line":133,"column":20}},"loc":{"start":{"line":134,"column":4},"end":{"line":134,"column":null}},"line":134},"13":{"name":"(anonymous_13)","decl":{"start":{"line":135,"column":27},"end":{"line":135,"column":28}},"loc":{"start":{"line":136,"column":4},"end":{"line":136,"column":null}},"line":136},"14":{"name":"(anonymous_14)","decl":{"start":{"line":137,"column":26},"end":{"line":137,"column":27}},"loc":{"start":{"line":137,"column":66},"end":{"line":142,"column":null}},"line":137},"15":{"name":"(anonymous_15)","decl":{"start":{"line":145,"column":17},"end":{"line":145,"column":18}},"loc":{"start":{"line":145,"column":35},"end":{"line":148,"column":null}},"line":145},"16":{"name":"(anonymous_16)","decl":{"start":{"line":149,"column":18},"end":{"line":149,"column":19}},"loc":{"start":{"line":150,"column":4},"end":{"line":153,"column":null}},"line":150},"17":{"name":"(anonymous_17)","decl":{"start":{"line":154,"column":18},"end":{"line":154,"column":19}},"loc":{"start":{"line":155,"column":4},"end":{"line":158,"column":null}},"line":155},"18":{"name":"(anonymous_18)","decl":{"start":{"line":159,"column":18},"end":{"line":159,"column":19}},"loc":{"start":{"line":160,"column":4},"end":{"line":160,"column":null}},"line":160},"19":{"name":"(anonymous_19)","decl":{"start":{"line":163,"column":19},"end":{"line":163,"column":20}},"loc":{"start":{"line":174,"column":8},"end":{"line":190,"column":null}},"line":174},"20":{"name":"(anonymous_20)","decl":{"start":{"line":191,"column":21},"end":{"line":191,"column":22}},"loc":{"start":{"line":192,"column":4},"end":{"line":195,"column":null}},"line":192},"21":{"name":"(anonymous_21)","decl":{"start":{"line":196,"column":16},"end":{"line":196,"column":null}},"loc":{"start":{"line":200,"column":4},"end":{"line":203,"column":null}},"line":200},"22":{"name":"(anonymous_22)","decl":{"start":{"line":206,"column":12},"end":{"line":206,"column":18}},"loc":{"start":{"line":206,"column":18},"end":{"line":206,"column":null}},"line":206},"23":{"name":"(anonymous_23)","decl":{"start":{"line":207,"column":14},"end":{"line":207,"column":15}},"loc":{"start":{"line":208,"column":4},"end":{"line":211,"column":null}},"line":208},"24":{"name":"(anonymous_24)","decl":{"start":{"line":212,"column":14},"end":{"line":212,"column":15}},"loc":{"start":{"line":213,"column":4},"end":{"line":216,"column":null}},"line":213},"25":{"name":"(anonymous_25)","decl":{"start":{"line":217,"column":14},"end":{"line":217,"column":15}},"loc":{"start":{"line":218,"column":4},"end":{"line":218,"column":null}},"line":218},"26":{"name":"(anonymous_26)","decl":{"start":{"line":219,"column":12},"end":{"line":219,"column":13}},"loc":{"start":{"line":220,"column":4},"end":{"line":230,"column":null}},"line":220},"27":{"name":"(anonymous_27)","decl":{"start":{"line":231,"column":19},"end":{"line":231,"column":null}},"loc":{"start":{"line":232,"column":4},"end":{"line":234,"column":null}},"line":232},"28":{"name":"(anonymous_28)","decl":{"start":{"line":237,"column":19},"end":{"line":237,"column":26}},"loc":{"start":{"line":237,"column":60},"end":{"line":259,"column":null}},"line":237},"29":{"name":"(anonymous_29)","decl":{"start":{"line":254,"column":41},"end":{"line":254,"column":48}},"loc":{"start":{"line":254,"column":48},"end":{"line":254,"column":76}},"line":254},"30":{"name":"(anonymous_30)","decl":{"start":{"line":260,"column":16},"end":{"line":260,"column":17}},"loc":{"start":{"line":261,"column":4},"end":{"line":268,"column":null}},"line":261},"31":{"name":"(anonymous_31)","decl":{"start":{"line":271,"column":13},"end":{"line":271,"column":14}},"loc":{"start":{"line":272,"column":4},"end":{"line":272,"column":null}},"line":272},"32":{"name":"(anonymous_32)","decl":{"start":{"line":273,"column":20},"end":{"line":273,"column":null}},"loc":{"start":{"line":278,"column":4},"end":{"line":281,"column":null}},"line":278},"33":{"name":"(anonymous_33)","decl":{"start":{"line":284,"column":25},"end":{"line":284,"column":null}},"loc":{"start":{"line":285,"column":4},"end":{"line":285,"column":null}},"line":285}},"branchMap":{"0":{"loc":{"start":{"line":34,"column":4},"end":{"line":38,"column":null}},"type":"if","locations":[{"start":{"line":34,"column":4},"end":{"line":38,"column":null}},{"start":{"line":36,"column":11},"end":{"line":38,"column":null}}],"line":34},"1":{"loc":{"start":{"line":46,"column":45},"end":{"line":48,"column":null}},"type":"cond-expr","locations":[{"start":{"line":47,"column":6},"end":{"line":47,"column":null}},{"start":{"line":48,"column":6},"end":{"line":48,"column":null}}],"line":46},"2":{"loc":{"start":{"line":59,"column":2},"end":{"line":64,"column":null}},"type":"if","locations":[{"start":{"line":59,"column":2},"end":{"line":64,"column":null}},{"start":{},"end":{}}],"line":59},"3":{"loc":{"start":{"line":59,"column":6},"end":{"line":59,"column":56}},"type":"binary-expr","locations":[{"start":{"line":59,"column":6},"end":{"line":59,"column":28}},{"start":{"line":59,"column":28},"end":{"line":59,"column":56}}],"line":59},"4":{"loc":{"start":{"line":61,"column":4},"end":{"line":63,"column":null}},"type":"if","locations":[{"start":{"line":61,"column":4},"end":{"line":63,"column":null}},{"start":{},"end":{}}],"line":61},"5":{"loc":{"start":{"line":66,"column":2},"end":{"line":80,"column":null}},"type":"if","locations":[{"start":{"line":66,"column":2},"end":{"line":80,"column":null}},{"start":{},"end":{}}],"line":66},"6":{"loc":{"start":{"line":72,"column":22},"end":{"line":72,"column":null}},"type":"binary-expr","locations":[{"start":{"line":72,"column":22},"end":{"line":72,"column":40}},{"start":{"line":72,"column":40},"end":{"line":72,"column":null}}],"line":72},"7":{"loc":{"start":{"line":74,"column":22},"end":{"line":74,"column":null}},"type":"binary-expr","locations":[{"start":{"line":74,"column":22},"end":{"line":74,"column":30}},{"start":{"line":74,"column":30},"end":{"line":74,"column":null}}],"line":74},"8":{"loc":{"start":{"line":82,"column":2},"end":{"line":84,"column":null}},"type":"if","locations":[{"start":{"line":82,"column":2},"end":{"line":84,"column":null}},{"start":{},"end":{}}],"line":82},"9":{"loc":{"start":{"line":118,"column":18},"end":{"line":118,"column":null}},"type":"cond-expr","locations":[{"start":{"line":118,"column":43},"end":{"line":118,"column":70}},{"start":{"line":118,"column":70},"end":{"line":118,"column":null}}],"line":118},"10":{"loc":{"start":{"line":138,"column":18},"end":{"line":138,"column":null}},"type":"cond-expr","locations":[{"start":{"line":138,"column":34},"end":{"line":138,"column":71}},{"start":{"line":138,"column":71},"end":{"line":138,"column":null}}],"line":138},"11":{"loc":{"start":{"line":145,"column":18},"end":{"line":145,"column":35}},"type":"default-arg","locations":[{"start":{"line":145,"column":25},"end":{"line":145,"column":35}}],"line":145},"12":{"loc":{"start":{"line":146,"column":18},"end":{"line":146,"column":null}},"type":"cond-expr","locations":[{"start":{"line":146,"column":25},"end":{"line":146,"column":40}},{"start":{"line":146,"column":40},"end":{"line":146,"column":null}}],"line":146},"13":{"loc":{"start":{"line":176,"column":4},"end":{"line":176,"column":null}},"type":"if","locations":[{"start":{"line":176,"column":4},"end":{"line":176,"column":null}},{"start":{},"end":{}}],"line":176},"14":{"loc":{"start":{"line":177,"column":4},"end":{"line":177,"column":null}},"type":"if","locations":[{"start":{"line":177,"column":4},"end":{"line":177,"column":null}},{"start":{},"end":{}}],"line":177},"15":{"loc":{"start":{"line":178,"column":4},"end":{"line":178,"column":null}},"type":"if","locations":[{"start":{"line":178,"column":4},"end":{"line":178,"column":null}},{"start":{},"end":{}}],"line":178},"16":{"loc":{"start":{"line":179,"column":4},"end":{"line":179,"column":null}},"type":"if","locations":[{"start":{"line":179,"column":4},"end":{"line":179,"column":null}},{"start":{},"end":{}}],"line":179},"17":{"loc":{"start":{"line":180,"column":4},"end":{"line":180,"column":null}},"type":"if","locations":[{"start":{"line":180,"column":4},"end":{"line":180,"column":null}},{"start":{},"end":{}}],"line":180},"18":{"loc":{"start":{"line":181,"column":4},"end":{"line":181,"column":null}},"type":"if","locations":[{"start":{"line":181,"column":4},"end":{"line":181,"column":null}},{"start":{},"end":{}}],"line":181},"19":{"loc":{"start":{"line":182,"column":4},"end":{"line":182,"column":null}},"type":"if","locations":[{"start":{"line":182,"column":4},"end":{"line":182,"column":null}},{"start":{},"end":{}}],"line":182},"20":{"loc":{"start":{"line":183,"column":4},"end":{"line":184,"column":null}},"type":"if","locations":[{"start":{"line":183,"column":4},"end":{"line":184,"column":null}},{"start":{},"end":{}}],"line":183},"21":{"loc":{"start":{"line":185,"column":4},"end":{"line":185,"column":null}},"type":"if","locations":[{"start":{"line":185,"column":4},"end":{"line":185,"column":null}},{"start":{},"end":{}}],"line":185},"22":{"loc":{"start":{"line":186,"column":4},"end":{"line":186,"column":null}},"type":"if","locations":[{"start":{"line":186,"column":4},"end":{"line":186,"column":null}},{"start":{},"end":{}}],"line":186},"23":{"loc":{"start":{"line":188,"column":24},"end":{"line":188,"column":null}},"type":"cond-expr","locations":[{"start":{"line":188,"column":43},"end":{"line":188,"column":68}},{"start":{"line":188,"column":68},"end":{"line":188,"column":null}}],"line":188},"24":{"loc":{"start":{"line":243,"column":47},"end":{"line":245,"column":null}},"type":"cond-expr","locations":[{"start":{"line":244,"column":8},"end":{"line":244,"column":null}},{"start":{"line":245,"column":8},"end":{"line":245,"column":null}}],"line":243},"25":{"loc":{"start":{"line":253,"column":4},"end":{"line":256,"column":null}},"type":"if","locations":[{"start":{"line":253,"column":4},"end":{"line":256,"column":null}},{"start":{},"end":{}}],"line":253},"26":{"loc":{"start":{"line":255,"column":22},"end":{"line":255,"column":51}},"type":"binary-expr","locations":[{"start":{"line":255,"column":22},"end":{"line":255,"column":36}},{"start":{"line":255,"column":36},"end":{"line":255,"column":51}}],"line":255}},"s":{"0":2,"1":2,"2":2,"3":1,"4":3,"5":3,"6":0,"7":2,"8":2,"9":1,"10":1,"11":0,"12":0,"13":0,"14":0,"15":0,"16":0,"17":0,"18":0,"19":0,"20":0,"21":0,"22":0,"23":0,"24":0,"25":0,"26":0,"27":0,"28":0,"29":0,"30":2,"31":0,"32":0,"33":0,"34":0,"35":0,"36":0,"37":0,"38":0,"39":0,"40":0,"41":0,"42":0,"43":0,"44":0,"45":0,"46":0,"47":0,"48":0,"49":0,"50":0,"51":0,"52":0,"53":0,"54":0,"55":0,"56":0,"57":0,"58":0,"59":0,"60":0,"61":0,"62":0,"63":0,"64":0,"65":0,"66":0,"67":0,"68":0,"69":0,"70":0,"71":0,"72":0,"73":0,"74":0,"75":0,"76":0,"77":0,"78":0,"79":0,"80":0,"81":0,"82":0,"83":0,"84":0,"85":0,"86":0,"87":0,"88":0,"89":0,"90":0,"91":0,"92":0,"93":0,"94":0,"95":0,"96":0,"97":0,"98":0},"f":{"0":1,"1":3,"2":2,"3":0,"4":0,"5":0,"6":0,"7":0,"8":0,"9":0,"10":0,"11":0,"12":0,"13":0,"14":0,"15":0,"16":0,"17":0,"18":0,"19":0,"20":0,"21":0,"22":0,"23":0,"24":0,"25":0,"26":0,"27":0,"28":0,"29":0,"30":0,"31":0,"32":0,"33":0},"b":{"0":[1,1],"1":[0,0],"2":[0,0],"3":[0,0],"4":[0,0],"5":[0,0],"6":[0,0],"7":[0,0],"8":[0,0],"9":[0,0],"10":[0,0],"11":[0],"12":[0,0],"13":[0,0],"14":[0,0],"15":[0,0],"16":[0,0],"17":[0,0],"18":[0,0],"19":[0,0],"20":[0,0],"21":[0,0],"22":[0,0],"23":[0,0],"24":[0,0],"25":[0,0],"26":[0,0]},"meta":{"lastBranch":27,"lastFunction":34,"lastStatement":99,"seen":{"s:15:17:15:Infinity":0,"s:16:18:16:Infinity":1,"s:18:50:18:Infinity":2,"f:20:16:20:34":0,"s:21:2:21:Infinity":3,"f:24:16:24:48":1,"s:25:2:29:Infinity":4,"s:26:4:26:Infinity":5,"s:28:4:28:Infinity":6,"f:32:16:32:31":2,"s:33:2:41:Infinity":7,"b:34:4:38:Infinity:36:11:38:Infinity":0,"s:34:4:38:Infinity":8,"s:35:6:35:Infinity":9,"s:37:6:37:Infinity":10,"f:44:15:44:26":3,"s:45:16:45:Infinity":11,"s:46:45:48:Infinity":12,"b:47:6:47:Infinity:48:6:48:Infinity":1,"s:50:14:57:Infinity":13,"b:59:2:64:Infinity:undefined:undefined:undefined:undefined":2,"s:59:2:64:Infinity":14,"b:59:6:59:28:59:28:59:56":3,"s:60:4:60:Infinity":15,"b:61:4:63:Infinity:undefined:undefined:undefined:undefined":4,"s:61:4:63:Infinity":16,"s:62:6:62:Infinity":17,"b:66:2:80:Infinity:undefined:undefined:undefined:undefined":5,"s:66:2:80:Infinity":18,"s:67:22:67:Infinity":19,"s:68:4:78:Infinity":20,"s:69:19:69:Infinity":21,"s:70:6:75:Infinity":22,"s:71:24:71:Infinity":23,"s:72:8:72:Infinity":24,"b:72:22:72:40:72:40:72:Infinity":6,"s:74:8:74:Infinity":25,"b:74:22:74:30:74:30:74:Infinity":7,"s:79:4:79:Infinity":26,"b:82:2:84:Infinity:undefined:undefined:undefined:undefined":8,"s:82:2:84:Infinity":27,"s:83:4:83:Infinity":28,"s:86:2:86:Infinity":29,"s:89:19:286:Infinity":30,"f:92:15:92:Infinity":4,"s:93:6:93:Infinity":31,"f:94:11:94:18":5,"s:95:18:98:Infinity":32,"s:99:6:99:Infinity":33,"s:100:6:100:Infinity":34,"f:102:12:102:24":6,"s:103:6:107:Infinity":35,"s:104:8:104:Infinity":36,"s:106:8:106:Infinity":37,"f:109:11:109:12":7,"s:110:6:113:Infinity":38,"f:117:15:117:16":8,"s:118:18:118:Infinity":39,"b:118:43:118:70:118:70:118:Infinity":9,"s:119:4:119:Infinity":40,"f:121:17:121:18":9,"s:122:4:125:Infinity":41,"f:126:17:126:18":10,"s:127:4:130:Infinity":42,"f:131:17:131:18":11,"s:132:4:132:Infinity":43,"f:133:19:133:20":12,"s:134:4:134:Infinity":44,"f:135:27:135:28":13,"s:136:4:136:Infinity":45,"f:137:26:137:27":14,"s:138:18:138:Infinity":46,"b:138:34:138:71:138:71:138:Infinity":10,"s:139:4:141:Infinity":47,"f:145:17:145:18":15,"b:145:25:145:35":11,"s:146:18:146:Infinity":48,"b:146:25:146:40:146:40:146:Infinity":12,"s:147:4:147:Infinity":49,"f:149:18:149:19":16,"s:150:4:153:Infinity":50,"f:154:18:154:19":17,"s:155:4:158:Infinity":51,"f:159:18:159:19":18,"s:160:4:160:Infinity":52,"f:163:19:163:20":19,"s:175:18:175:Infinity":53,"b:176:4:176:Infinity:undefined:undefined:undefined:undefined":13,"s:176:4:176:Infinity":54,"s:176:22:176:Infinity":55,"b:177:4:177:Infinity:undefined:undefined:undefined:undefined":14,"s:177:4:177:Infinity":56,"s:177:27:177:Infinity":57,"b:178:4:178:Infinity:undefined:undefined:undefined:undefined":15,"s:178:4:178:Infinity":58,"s:178:28:178:Infinity":59,"b:179:4:179:Infinity:undefined:undefined:undefined:undefined":16,"s:179:4:179:Infinity":60,"s:179:29:179:Infinity":61,"b:180:4:180:Infinity:undefined:undefined:undefined:undefined":17,"s:180:4:180:Infinity":62,"s:180:24:180:Infinity":63,"b:181:4:181:Infinity:undefined:undefined:undefined:undefined":18,"s:181:4:181:Infinity":64,"s:181:28:181:Infinity":65,"b:182:4:182:Infinity:undefined:undefined:undefined:undefined":19,"s:182:4:182:Infinity":66,"s:182:26:182:Infinity":67,"b:183:4:184:Infinity:undefined:undefined:undefined:undefined":20,"s:183:4:184:Infinity":68,"s:184:6:184:Infinity":69,"b:185:4:185:Infinity:undefined:undefined:undefined:undefined":21,"s:185:4:185:Infinity":70,"s:185:25:185:Infinity":71,"b:186:4:186:Infinity:undefined:undefined:undefined:undefined":22,"s:186:4:186:Infinity":72,"s:186:28:186:Infinity":73,"s:188:24:188:Infinity":74,"b:188:43:188:68:188:68:188:Infinity":23,"s:189:4:189:Infinity":75,"f:191:21:191:22":20,"s:192:4:195:Infinity":76,"f:196:16:196:Infinity":21,"s:200:4:203:Infinity":77,"f:206:12:206:18":22,"s:206:18:206:Infinity":78,"f:207:14:207:15":23,"s:208:4:211:Infinity":79,"f:212:14:212:15":24,"s:213:4:216:Infinity":80,"f:217:14:217:15":25,"s:218:4:218:Infinity":81,"f:219:12:219:13":26,"s:220:4:230:Infinity":82,"f:231:19:231:Infinity":27,"s:232:4:234:Infinity":83,"f:237:19:237:26":28,"s:238:21:238:Infinity":84,"s:239:4:239:Infinity":85,"s:240:4:240:Infinity":86,"s:242:18:242:Infinity":87,"s:243:47:245:Infinity":88,"b:244:8:244:Infinity:245:8:245:Infinity":24,"s:247:16:251:Infinity":89,"b:253:4:256:Infinity:undefined:undefined:undefined:undefined":25,"s:253:4:256:Infinity":90,"s:254:18:254:Infinity":91,"f:254:41:254:48":29,"s:254:48:254:76":92,"s:255:6:255:Infinity":93,"b:255:22:255:36:255:36:255:51":26,"s:258:4:258:Infinity":94,"f:260:16:260:17":30,"s:261:4:268:Infinity":95,"f:271:13:271:14":31,"s:272:4:272:Infinity":96,"f:273:20:273:Infinity":32,"s:278:4:281:Infinity":97,"f:284:25:284:Infinity":33,"s:285:4:285:Infinity":98},"fnNames":{}}}
,"P:\\github.com\\michaelsanford\\Folio\\frontend\\src\\types\\index.ts": {"path":"P:\\github.com\\michaelsanford\\Folio\\frontend\\src\\types\\index.ts","statementMap":{},"fnMap":{},"branchMap":{},"s":{},"f":{},"b":{},"meta":{"lastBranch":0,"lastFunction":0,"lastStatement":0,"seen":{},"fnNames":{}}}
}
